Performing C++ SOURCE FILE Test Support for 64 bit file systems failed with the following output:
Change Dir: M:/thirdparties/VTK5.6/src/CMakeFiles/CMakeTmp

Run Build Command:c:\PROGRA~1\MICROS~1.0\Common7\IDE\devenv.com CMAKE_TRY_COMPILE.sln /build Debug /project cmTryCompileExec

Microsoft (R) Visual Studio Version 9.0.30729.1.
Copyright (C) Microsoft Corp. All rights reserved.
1>------ Build started: Project: cmTryCompileExec, Configuration: Debug Win32 ------
1>Compiling...
1>Microsoft (R) 32-bit C/C++ Optimizing Compiler Version 15.00.30729.01 for 80x86
1>Copyright (C) Microsoft Corporation.  All rights reserved.
1>cl /Od /D "WIN32" /D "_WINDOWS" /D "CMAKE_REQUIRE_LARGE_FILE_SUPPORT" /D "_DEBUG" /D "CMAKE_INTDIR=\"Debug\"" /D "_MBCS" /FD /EHsc /RTC1 /MDd /Fo"cmTryCompileExec.dir\Debug\\" /Fd"M:\thirdparties\VTK5.6\src\CMakeFiles\CMakeTmp\Debug/cmTryCompileExec.pdb" /W3 /c /Zi /TP   /Zm1000
1>   .\src.cxx
1>src.cxx
1>.\src.cxx(13) : warning C4293: '<<' : shift count negative or too big, undefined behavior
1>.\src.cxx(13) : warning C4293: '<<' : shift count negative or too big, undefined behavior
1>.\src.cxx(19) : error C3861: 'S_ISREG': identifier not found
1>.\src.cxx(23) : error C3861: 'ftello': identifier not found
1>Build log was saved at "file://m:\thirdparties\VTK5.6\src\CMakeFiles\CMakeTmp\cmTryCompileExec.dir\Debug\BuildLog.htm"
1>cmTryCompileExec - 2 error(s), 2 warning(s)
========== Build: 0 succeeded, 1 failed, 0 up-to-date, 0 skipped ==========

Source file was:
#define _LARGEFILE_SOURCE
#define _LARGE_FILES
#define _FILE_OFFSET_BITS 64
#include <sys/types.h>
#include <sys/stat.h>
#include <assert.h>
#include <stdio.h>

int main( int, char **argv )
{
  // check that off_t can hold 2^63 - 1 and perform basic operations...
#define OFF_T_64 (((off_t) 1 << 62) - 1 + ((off_t) 1 << 62))
  if (OFF_T_64 % 2147483647 != 1)
    return 1;

  // stat breaks on SCO OpenServer
  struct stat buf;
  stat( argv[0], &buf );
  if (!S_ISREG(buf.st_mode))
    return 2;

  FILE *file = fopen( argv[0], "r" );
  off_t offset = ftello( file );
  fseek( file, offset, SEEK_CUR );
  fclose( file );
  return 0;
}

Determining if the include file stdint.h exists failed with the following output:
Change Dir: M:/thirdparties/VTK5.6/src/CMakeFiles/CMakeTmp

Run Build Command:c:\PROGRA~1\MICROS~1.0\Common7\IDE\devenv.com CMAKE_TRY_COMPILE.sln /build Debug /project cmTryCompileExec

Microsoft (R) Visual Studio Version 9.0.30729.1.
Copyright (C) Microsoft Corp. All rights reserved.
1>------ Build started: Project: cmTryCompileExec, Configuration: Debug Win32 ------
1>Compiling...
1>Microsoft (R) 32-bit C/C++ Optimizing Compiler Version 15.00.30729.01 for 80x86
1>Copyright (C) Microsoft Corporation.  All rights reserved.
1>cl /Od /D "WIN32" /D "_WINDOWS" /D "_DEBUG" /D "CMAKE_INTDIR=\"Debug\"" /D "_MBCS" /FD /RTC1 /MDd /Fo"cmTryCompileExec.dir\Debug\\" /Fd"M:\thirdparties\VTK5.6\src\CMakeFiles\CMakeTmp\Debug/cmTryCompileExec.pdb" /W3 /c /Zi /TC   /Zm1000
1>   .\CheckIncludeFile.c
1>CheckIncludeFile.c
1>.\CheckIncludeFile.c(1) : fatal error C1083: Cannot open include file: 'stdint.h': No such file or directory
1>Build log was saved at "file://m:\thirdparties\VTK5.6\src\CMakeFiles\CMakeTmp\cmTryCompileExec.dir\Debug\BuildLog.htm"
1>cmTryCompileExec - 1 error(s), 0 warning(s)
========== Build: 0 succeeded, 1 failed, 0 up-to-date, 0 skipped ==========


Determining if files unistd.h exist failed with the following output:
Change Dir: M:/thirdparties/VTK5.6/src/CMakeFiles/CMakeTmp

Run Build Command:c:\PROGRA~1\MICROS~1.0\Common7\IDE\devenv.com CMAKE_TRY_COMPILE.sln /build Debug /project cmTryCompileExec

Microsoft (R) Visual Studio Version 9.0.30729.1.
Copyright (C) Microsoft Corp. All rights reserved.
1>------ Build started: Project: cmTryCompileExec, Configuration: Debug Win32 ------
1>Compiling...
1>Microsoft (R) 32-bit C/C++ Optimizing Compiler Version 15.00.30729.01 for 80x86
1>Copyright (C) Microsoft Corporation.  All rights reserved.
1>cl /Od /D "WIN32" /D "_WINDOWS" /D "_DEBUG" /D "CMAKE_INTDIR=\"Debug\"" /D "_MBCS" /FD /RTC1 /MDd /Fo"cmTryCompileExec.dir\Debug\\" /Fd"M:\thirdparties\VTK5.6\src\CMakeFiles\CMakeTmp\Debug/cmTryCompileExec.pdb" /W3 /c /Zi /TC   /Zm1000
1>   .\CheckIncludeFiles.c
1>CheckIncludeFiles.c
1>.\CheckIncludeFiles.c(2) : fatal error C1083: Cannot open include file: 'unistd.h': No such file or directory
1>Build log was saved at "file://m:\thirdparties\VTK5.6\src\CMakeFiles\CMakeTmp\cmTryCompileExec.dir\Debug\BuildLog.htm"
1>cmTryCompileExec - 1 error(s), 0 warning(s)
========== Build: 0 succeeded, 1 failed, 0 up-to-date, 0 skipped ==========

Source:
/* */
#include <unistd.h>


int main(){return 0;}

Determining if files pthread.h exist failed with the following output:
Change Dir: M:/thirdparties/VTK5.6/src/CMakeFiles/CMakeTmp

Run Build Command:c:\PROGRA~1\MICROS~1.0\Common7\IDE\devenv.com CMAKE_TRY_COMPILE.sln /build Debug /project cmTryCompileExec

Microsoft (R) Visual Studio Version 9.0.30729.1.
Copyright (C) Microsoft Corp. All rights reserved.
1>------ Build started: Project: cmTryCompileExec, Configuration: Debug Win32 ------
1>Compiling...
1>Microsoft (R) 32-bit C/C++ Optimizing Compiler Version 15.00.30729.01 for 80x86
1>Copyright (C) Microsoft Corporation.  All rights reserved.
1>cl /Od /D "WIN32" /D "_WINDOWS" /D "_DEBUG" /D "CMAKE_INTDIR=\"Debug\"" /D "_MBCS" /FD /RTC1 /MDd /Fo"cmTryCompileExec.dir\Debug\\" /Fd"M:\thirdparties\VTK5.6\src\CMakeFiles\CMakeTmp\Debug/cmTryCompileExec.pdb" /W3 /c /Zi /TC   /Zm1000
1>   .\CheckIncludeFiles.c
1>CheckIncludeFiles.c
1>.\CheckIncludeFiles.c(2) : fatal error C1083: Cannot open include file: 'pthread.h': No such file or directory
1>Build log was saved at "file://m:\thirdparties\VTK5.6\src\CMakeFiles\CMakeTmp\cmTryCompileExec.dir\Debug\BuildLog.htm"
1>cmTryCompileExec - 1 error(s), 0 warning(s)
========== Build: 0 succeeded, 1 failed, 0 up-to-date, 0 skipped ==========

Source:
/* */
#include <pthread.h>


int main(){return 0;}

Determining if files sys/types.h;sys/prctl.h exist failed with the following output:
Change Dir: M:/thirdparties/VTK5.6/src/CMakeFiles/CMakeTmp

Run Build Command:c:\PROGRA~1\MICROS~1.0\Common7\IDE\devenv.com CMAKE_TRY_COMPILE.sln /build Debug /project cmTryCompileExec

Microsoft (R) Visual Studio Version 9.0.30729.1.
Copyright (C) Microsoft Corp. All rights reserved.
1>------ Build started: Project: cmTryCompileExec, Configuration: Debug Win32 ------
1>Compiling...
1>Microsoft (R) 32-bit C/C++ Optimizing Compiler Version 15.00.30729.01 for 80x86
1>Copyright (C) Microsoft Corporation.  All rights reserved.
1>cl /Od /D "WIN32" /D "_WINDOWS" /D "_DEBUG" /D "CMAKE_INTDIR=\"Debug\"" /D "_MBCS" /FD /RTC1 /MDd /Fo"cmTryCompileExec.dir\Debug\\" /Fd"M:\thirdparties\VTK5.6\src\CMakeFiles\CMakeTmp\Debug/cmTryCompileExec.pdb" /W3 /c /Zi /TC   /Zm1000
1>   .\CheckIncludeFiles.c
1>CheckIncludeFiles.c
1>.\CheckIncludeFiles.c(3) : fatal error C1083: Cannot open include file: 'sys/prctl.h': No such file or directory
1>Build log was saved at "file://m:\thirdparties\VTK5.6\src\CMakeFiles\CMakeTmp\cmTryCompileExec.dir\Debug\BuildLog.htm"
1>cmTryCompileExec - 1 error(s), 0 warning(s)
========== Build: 0 succeeded, 1 failed, 0 up-to-date, 0 skipped ==========

Source:
/* */
#include <sys/types.h>
#include <sys/prctl.h>


int main(){return 0;}

Determining if the system is big endian passed with the following output:
Change Dir: M:/thirdparties/VTK5.6/src/CMakeFiles/CMakeTmp

Run Build Command:c:\PROGRA~1\MICROS~1.0\Common7\IDE\devenv.com CMAKE_TRY_COMPILE.sln /build Debug /project cmTryCompileExec

Microsoft (R) Visual Studio Version 9.0.30729.1.
Copyright (C) Microsoft Corp. All rights reserved.
1>------ Build started: Project: cmTryCompileExec, Configuration: Debug Win32 ------
1>Compiling...
1>Microsoft (R) 32-bit C/C++ Optimizing Compiler Version 15.00.30729.01 for 80x86
1>Copyright (C) Microsoft Corporation.  All rights reserved.
1>cl /Od /D "WIN32" /D "_WINDOWS" /D "_DEBUG" /D "CMAKE_INTDIR=\"Debug\"" /D "_MBCS" /FD /RTC1 /MDd /Fo"cmTryCompileExec.dir\Debug\\" /Fd"M:\thirdparties\VTK5.6\src\CMakeFiles\CMakeTmp\Debug/cmTryCompileExec.pdb" /W3 /c /Zi /TC   /Zm1000
1>   .\TestEndianess.c
1>TestEndianess.c
1>Compiling manifest to resources...
1>Microsoft (R) Windows (R) Resource Compiler Version 6.1.6723.1
1>Copyright (C) Microsoft Corporation.  All rights reserved.
1>Linking...
1>Embedding manifest...
1>Microsoft (R) Windows (R) Resource Compiler Version 6.1.6723.1
1>Copyright (C) Microsoft Corporation.  All rights reserved.
1>Build log was saved at "file://m:\thirdparties\VTK5.6\src\CMakeFiles\CMakeTmp\cmTryCompileExec.dir\Debug\BuildLog.htm"
1>cmTryCompileExec - 0 error(s), 0 warning(s)
========== Build: 1 succeeded, 0 failed, 0 up-to-date, 0 skipped ==========

TestEndianess.c:
/* A 16 bit integer is required. */
typedef unsigned short cmakeint16;

/* On a little endian machine, these 16bit ints will give "THIS IS LITTLE ENDIAN."
   On a big endian machine the characters will be exchanged pairwise. */
const cmakeint16 info_little[] =  {0x4854, 0x5349, 0x4920, 0x2053, 0x494c, 0x5454, 0x454c, 0x4520, 0x444e, 0x4149, 0x2e4e, 0x0000};

/* on a big endian machine, these 16bit ints will give "THIS IS BIG ENDIAN."
   On a little endian machine the characters will be exchanged pairwise. */
const cmakeint16 info_big[] =     {0x5448, 0x4953, 0x2049, 0x5320, 0x4249, 0x4720, 0x454e, 0x4449, 0x414e, 0x2e2e, 0x0000};

#ifdef __CLASSIC_C__
int main(argc, argv) int argc; char *argv[];
#else
int main(int argc, char *argv[])
#endif
{
  int require = 0;
  require += info_little[argc];
  require += info_big[argc];
  (void)argv;
  return require;
}


Determining whether long and __int64 are the same type failed with the following output:
Change Dir: M:/thirdparties/VTK5.6/src/CMakeTmp/CMakeFiles/CMakeTmp

Run Build Command:c:\PROGRA~1\MICROS~1.0\Common7\IDE\devenv.com CMAKE_TRY_COMPILE.sln /build Debug /project cmTryCompileExec

Microsoft (R) Visual Studio Version 9.0.30729.1.
Copyright (C) Microsoft Corp. All rights reserved.
1>------ Build started: Project: cmTryCompileExec, Configuration: Debug Win32 ------
1>Compiling...
1>Microsoft (R) 32-bit C/C++ Optimizing Compiler Version 15.00.30729.01 for 80x86
1>Copyright (C) Microsoft Corporation.  All rights reserved.
1>cl /Od /D "WIN32" /D "_WINDOWS" /D "_DEBUG" /D "VTK_TEST_COMPARE_TYPE_1=long" /D "VTK_TEST_COMPARE_TYPE_2=__int64" /D "HAVE_SYS_TYPES_H" /D "HAVE_STDDEF_H" /D "CMAKE_INTDIR=\"Debug\"" /D "_MBCS" /FD /EHsc /RTC1 /MDd /Fo"cmTryCompileExec.dir\Debug\\" /Fd"M:\thirdparties\VTK5.6\src\CMakeTmp\CMakeFiles\CMakeTmp\Debug/cmTryCompileExec.pdb" /W4 /c /Zi /TP   /Zm1000
1>   ..\..\..\CMake\vtkTestCompareTypes.cxx
1>vtkTestCompareTypes.cxx
1>..\..\..\CMake\vtkTestCompareTypes.cxx(38) : error C2664: 'function' : cannot convert parameter 1 from 'Type2 **' to 'Type1 **'
1>        Types pointed to are unrelated; conversion requires reinterpret_cast, C-style cast or function-style cast
1>Build log was saved at "file://m:\thirdparties\VTK5.6\src\CMakeTmp\CMakeFiles\CMakeTmp\cmTryCompileExec.dir\Debug\BuildLog.htm"
1>cmTryCompileExec - 1 error(s), 0 warning(s)
========== Build: 0 succeeded, 1 failed, 0 up-to-date, 0 skipped ==========


Determining if the function getsockname exists in the socket failed with the following output:
Change Dir: M:/thirdparties/VTK5.6/src/CMakeFiles/CMakeTmp

Run Build Command:c:\PROGRA~1\MICROS~1.0\Common7\IDE\devenv.com CMAKE_TRY_COMPILE.sln /build Debug /project cmTryCompileExec

Microsoft (R) Visual Studio Version 9.0.30729.1.
Copyright (C) Microsoft Corp. All rights reserved.
1>------ Build started: Project: cmTryCompileExec, Configuration: Debug Win32 ------
1>Compiling...
1>Microsoft (R) 32-bit C/C++ Optimizing Compiler Version 15.00.30729.01 for 80x86
1>Copyright (C) Microsoft Corporation.  All rights reserved.
1>cl /Od /D "WIN32" /D "_WINDOWS" /D "CHECK_FUNCTION_EXISTS=getsockname" /D "_DEBUG" /D "CMAKE_INTDIR=\"Debug\"" /D "_MBCS" /FD /RTC1 /MDd /Fo"cmTryCompileExec.dir\Debug\\" /Fd"M:\thirdparties\VTK5.6\src\CMakeFiles\CMakeTmp\Debug/cmTryCompileExec.pdb" /W3 /c /Zi /TC   /Zm1000
1>   "C:\CMake 2.8\share\cmake-2.8\Modules\CheckFunctionExists.c"
1>CheckFunctionExists.c
1>Compiling manifest to resources...
1>Microsoft (R) Windows (R) Resource Compiler Version 6.1.6723.1
1>Copyright (C) Microsoft Corporation.  All rights reserved.
1>Linking...
1>LINK : fatal error LNK1104: cannot open file 'socket.lib'
1>Build log was saved at "file://m:\thirdparties\VTK5.6\src\CMakeFiles\CMakeTmp\cmTryCompileExec.dir\Debug\BuildLog.htm"
1>cmTryCompileExec - 1 error(s), 0 warning(s)
========== Build: 0 succeeded, 1 failed, 0 up-to-date, 0 skipped ==========


Determining if getsockname accepts socklen_t type  failed with the following output:
Change Dir: M:/thirdparties/VTK5.6/src/CMakeTmp/SocklenT/CMakeFiles/CMakeTmp

Run Build Command:c:\PROGRA~1\MICROS~1.0\Common7\IDE\devenv.com CMAKE_TRY_COMPILE.sln /build Debug /project cmTryCompileExec

Microsoft (R) Visual Studio Version 9.0.30729.1.
Copyright (C) Microsoft Corp. All rights reserved.
1>------ Build started: Project: cmTryCompileExec, Configuration: Debug Win32 ------
1>Compiling...
1>Microsoft (R) 32-bit C/C++ Optimizing Compiler Version 15.00.30729.01 for 80x86
1>Copyright (C) Microsoft Corporation.  All rights reserved.
1>cl /Od /D "WIN32" /D "_WINDOWS" /D "_DEBUG" /D "CMAKE_INTDIR=\"Debug\"" /D "_MBCS" /FD /EHsc /RTC1 /MDd /Fo"cmTryCompileExec.dir\Debug\\" /Fd"M:\thirdparties\VTK5.6\src\CMakeTmp\SocklenT\CMakeFiles\CMakeTmp\Debug/cmTryCompileExec.pdb" /W4 /c /Zi /TP   /Zm1000
1>   ..\..\..\..\CMake\vtkTestSocklenT.cxx
1>vtkTestSocklenT.cxx
1>..\..\..\..\CMake\vtkTestSocklenT.cxx(11) : error C2065: 'socklen_t' : undeclared identifier
1>..\..\..\..\CMake\vtkTestSocklenT.cxx(11) : error C2059: syntax error : ')'
1>..\..\..\..\CMake\vtkTestSocklenT.cxx(12) : error C2065: 'socklen_t' : undeclared identifier
1>..\..\..\..\CMake\vtkTestSocklenT.cxx(12) : error C2070: ''unknown-type'': illegal sizeof operand
1>..\..\..\..\CMake\vtkTestSocklenT.cxx(11) : error C3861: 'getsockname': identifier not found
1>..\..\..\..\CMake\vtkTestSocklenT.cxx(12) : warning C4127: conditional expression is constant
1>Build log was saved at "file://m:\thirdparties\VTK5.6\src\CMakeTmp\SocklenT\CMakeFiles\CMakeTmp\cmTryCompileExec.dir\Debug\BuildLog.htm"
1>cmTryCompileExec - 5 error(s), 1 warning(s)
========== Build: 0 succeeded, 1 failed, 0 up-to-date, 0 skipped ==========


Determining if the SO_REUSEADDR exist failed with the following output:
Change Dir: M:/thirdparties/VTK5.6/src/CMakeFiles/CMakeTmp

Run Build Command:c:\PROGRA~1\MICROS~1.0\Common7\IDE\devenv.com CMAKE_TRY_COMPILE.sln /build Debug /project cmTryCompileExec

Microsoft (R) Visual Studio Version 9.0.30729.1.
Copyright (C) Microsoft Corp. All rights reserved.
1>------ Build started: Project: cmTryCompileExec, Configuration: Debug Win32 ------
1>Compiling...
1>Microsoft (R) 32-bit C/C++ Optimizing Compiler Version 15.00.30729.01 for 80x86
1>Copyright (C) Microsoft Corporation.  All rights reserved.
1>cl /Od /D "WIN32" /D "_WINDOWS" /D "_DEBUG" /D "CMAKE_INTDIR=\"Debug\"" /D "_MBCS" /FD /RTC1 /MDd /Fo"cmTryCompileExec.dir\Debug\\" /Fd"M:\thirdparties\VTK5.6\src\CMakeFiles\CMakeTmp\Debug/cmTryCompileExec.pdb" /W3 /c /Zi /TC   /Zm1000
1>   .\CheckSymbolExists.c
1>CheckSymbolExists.c
1>.\CheckSymbolExists.c(3) : fatal error C1083: Cannot open include file: 'sys/socket.h': No such file or directory
1>Build log was saved at "file://m:\thirdparties\VTK5.6\src\CMakeFiles\CMakeTmp\cmTryCompileExec.dir\Debug\BuildLog.htm"
1>cmTryCompileExec - 1 error(s), 0 warning(s)
========== Build: 0 succeeded, 1 failed, 0 up-to-date, 0 skipped ==========

File M:/thirdparties/VTK5.6/src/CMakeFiles/CMakeTmp/CheckSymbolExists.c:
/* */
#include <sys/types.h>
#include <sys/socket.h>

void cmakeRequireSymbol(int dummy,...){(void)dummy;}
int main()
{
#ifndef SO_REUSEADDR
  cmakeRequireSymbol(0,&SO_REUSEADDR);
#endif
  return 0;
}

Determining if the include file iostream.h exists failed with the following output:
Change Dir: M:/thirdparties/VTK5.6/src/CMakeFiles/CMakeTmp

Run Build Command:c:\PROGRA~1\MICROS~1.0\Common7\IDE\devenv.com CMAKE_TRY_COMPILE.sln /build Debug /project cmTryCompileExec

Microsoft (R) Visual Studio Version 9.0.30729.1.
Copyright (C) Microsoft Corp. All rights reserved.
1>------ Build started: Project: cmTryCompileExec, Configuration: Debug Win32 ------
1>Compiling...
1>Microsoft (R) 32-bit C/C++ Optimizing Compiler Version 15.00.30729.01 for 80x86
1>Copyright (C) Microsoft Corporation.  All rights reserved.
1>cl /Od /D "WIN32" /D "_WINDOWS" /D "_DEBUG" /D "CMAKE_INTDIR=\"Debug\"" /D "_MBCS" /FD /EHsc /RTC1 /MDd /Fo"cmTryCompileExec.dir\Debug\\" /Fd"M:\thirdparties\VTK5.6\src\CMakeFiles\CMakeTmp\Debug/cmTryCompileExec.pdb" /W4 /c /Zi /TP   /Zm1000
1>   .\CheckIncludeFile.cxx
1>CheckIncludeFile.cxx
1>.\CheckIncludeFile.cxx(1) : fatal error C1083: Cannot open include file: 'iostream.h': No such file or directory
1>Build log was saved at "file://m:\thirdparties\VTK5.6\src\CMakeFiles\CMakeTmp\cmTryCompileExec.dir\Debug\BuildLog.htm"
1>cmTryCompileExec - 1 error(s), 0 warning(s)
========== Build: 0 succeeded, 1 failed, 0 up-to-date, 0 skipped ==========


Checking for Large File Support failed to compile with the following output:
Change Dir: M:/thirdparties/VTK5.6/src/Utilities/kwsys/CMakeFiles/CMakeTmp

Run Build Command:c:\PROGRA~1\MICROS~1.0\Common7\IDE\devenv.com CMAKE_TRY_COMPILE.sln /build Debug /project cmTryCompileExec

Microsoft (R) Visual Studio Version 9.0.30729.1.
Copyright (C) Microsoft Corp. All rights reserved.
1>------ Build started: Project: cmTryCompileExec, Configuration: Debug Win32 ------
1>Compiling...
1>Microsoft (R) 32-bit C/C++ Optimizing Compiler Version 15.00.30729.01 for 80x86
1>Copyright (C) Microsoft Corporation.  All rights reserved.
1>cl /Od /D "WIN32" /D "_WINDOWS" /D "_DEBUG" /D "TEST_KWSYS_LFS_WORKS" /D "KWSYS_CXX_HAS_CSTDIO=1" /D "CMAKE_INTDIR=\"Debug\"" /D "_MBCS" /FD /EHsc /RTC1 /MDd /Fo"cmTryCompileExec.dir\Debug\\" /Fd"M:\thirdparties\VTK5.6\src\Utilities\kwsys\CMakeFiles\CMakeTmp\Debug/cmTryCompileExec.pdb" /W4 /c /Zi /TP   /Zm1000
1>   ..\..\kwsysPlatformTestsCXX.cxx
1>kwsysPlatformTestsCXX.cxx
1>..\..\kwsysPlatformTestsCXX.cxx(379) : warning C4293: '<<' : shift count negative or too big, undefined behavior
1>..\..\kwsysPlatformTestsCXX.cxx(379) : warning C4293: '<<' : shift count negative or too big, undefined behavior
1>..\..\kwsysPlatformTestsCXX.cxx(379) : warning C4127: conditional expression is constant
1>..\..\kwsysPlatformTestsCXX.cxx(385) : error C3861: 'S_ISREG': identifier not found
1>..\..\kwsysPlatformTestsCXX.cxx(389) : error C3861: 'ftello': identifier not found
1>Build log was saved at "file://m:\thirdparties\VTK5.6\src\Utilities\kwsys\CMakeFiles\CMakeTmp\cmTryCompileExec.dir\Debug\BuildLog.htm"
1>cmTryCompileExec - 2 error(s), 3 warning(s)
========== Build: 0 succeeded, 1 failed, 0 up-to-date, 0 skipped ==========


Checking for non-standard argument to stl allocator<>::max_size failed to compile with the following output:
Change Dir: M:/thirdparties/VTK5.6/src/Utilities/kwsys/CMakeFiles/CMakeTmp

Run Build Command:c:\PROGRA~1\MICROS~1.0\Common7\IDE\devenv.com CMAKE_TRY_COMPILE.sln /build Debug /project cmTryCompileExec

Microsoft (R) Visual Studio Version 9.0.30729.1.
Copyright (C) Microsoft Corp. All rights reserved.
1>------ Build started: Project: cmTryCompileExec, Configuration: Debug Win32 ------
1>Compiling...
1>Microsoft (R) 32-bit C/C++ Optimizing Compiler Version 15.00.30729.01 for 80x86
1>Copyright (C) Microsoft Corporation.  All rights reserved.
1>cl /Od /D "WIN32" /D "_WINDOWS" /D "_DEBUG" /D "TEST_KWSYS_STL_HAS_ALLOCATOR_MAX_SIZE_ARGUMENT" /D "KWSYS_STL_HAVE_STD=1" /D "CMAKE_INTDIR=\"Debug\"" /D "_MBCS" /FD /EHsc /RTC1 /MDd /Fo"cmTryCompileExec.dir\Debug\\" /Fd"M:\thirdparties\VTK5.6\src\Utilities\kwsys\CMakeFiles\CMakeTmp\Debug/cmTryCompileExec.pdb" /W4 /c /Zi /TP   /Zm1000
1>   ..\..\kwsysPlatformTestsCXX.cxx
1>kwsysPlatformTestsCXX.cxx
1>..\..\kwsysPlatformTestsCXX.cxx(247) : error C2660: 'std::allocator<_Ty>::max_size' : function does not take 1 arguments
1>        with
1>        [
1>            _Ty=char
1>        ]
1>Build log was saved at "file://m:\thirdparties\VTK5.6\src\Utilities\kwsys\CMakeFiles\CMakeTmp\cmTryCompileExec.dir\Debug\BuildLog.htm"
1>cmTryCompileExec - 1 error(s), 0 warning(s)
========== Build: 0 succeeded, 1 failed, 0 up-to-date, 0 skipped ==========


Checking whether "<>" is needed for template friends failed to compile with the following output:
Change Dir: M:/thirdparties/VTK5.6/src/Utilities/kwsys/CMakeFiles/CMakeTmp

Run Build Command:c:\PROGRA~1\MICROS~1.0\Common7\IDE\devenv.com CMAKE_TRY_COMPILE.sln /build Debug /project cmTryCompileExec

Microsoft (R) Visual Studio Version 9.0.30729.1.
Copyright (C) Microsoft Corp. All rights reserved.
1>------ Build started: Project: cmTryCompileExec, Configuration: Debug Win32 ------
1>Compiling...
1>Microsoft (R) 32-bit C/C++ Optimizing Compiler Version 15.00.30729.01 for 80x86
1>Copyright (C) Microsoft Corporation.  All rights reserved.
1>cl /Od /D "WIN32" /D "_WINDOWS" /D "_DEBUG" /D "TEST_KWSYS_CXX_HAS_NULL_TEMPLATE_ARGS" /D "CMAKE_INTDIR=\"Debug\"" /D "_MBCS" /FD /EHsc /RTC1 /MDd /Fo"cmTryCompileExec.dir\Debug\\" /Fd"M:\thirdparties\VTK5.6\src\Utilities\kwsys\CMakeFiles\CMakeTmp\Debug/cmTryCompileExec.pdb" /W4 /c /Zi /TP   /Zm1000
1>   ..\..\kwsysPlatformTestsCXX.cxx
1>kwsysPlatformTestsCXX.cxx
1>..\..\kwsysPlatformTestsCXX.cxx(137) : error C2248: 'A<T>::x' : cannot access private member declared in class 'A<T>'
1>        with
1>        [
1>            T=int
1>        ]
1>        ..\..\kwsysPlatformTestsCXX.cxx(134) : see declaration of 'A<T>::x'
1>        with
1>        [
1>            T=int
1>        ]
1>        ..\..\kwsysPlatformTestsCXX.cxx(138) : see reference to function template instantiation 'int f<int>(A<T> &)' being compiled
1>        with
1>        [
1>            T=int
1>        ]
1>Build log was saved at "file://m:\thirdparties\VTK5.6\src\Utilities\kwsys\CMakeFiles\CMakeTmp\cmTryCompileExec.dir\Debug\BuildLog.htm"
1>cmTryCompileExec - 1 error(s), 0 warning(s)
========== Build: 0 succeeded, 1 failed, 0 up-to-date, 0 skipped ==========


Checking whether long and __int64 are the same type failed to compile with the following output:
Change Dir: M:/thirdparties/VTK5.6/src/Utilities/kwsys/CMakeFiles/CMakeTmp

Run Build Command:c:\PROGRA~1\MICROS~1.0\Common7\IDE\devenv.com CMAKE_TRY_COMPILE.sln /build Debug /project cmTryCompileExec

Microsoft (R) Visual Studio Version 9.0.30729.1.
Copyright (C) Microsoft Corp. All rights reserved.
1>------ Build started: Project: cmTryCompileExec, Configuration: Debug Win32 ------
1>Compiling...
1>Microsoft (R) 32-bit C/C++ Optimizing Compiler Version 15.00.30729.01 for 80x86
1>Copyright (C) Microsoft Corporation.  All rights reserved.
1>cl /Od /D "WIN32" /D "_WINDOWS" /D "_DEBUG" /D "TEST_KWSYS_CXX_SAME_LONG_AND___INT64" /D "CMAKE_INTDIR=\"Debug\"" /D "_MBCS" /FD /EHsc /RTC1 /MDd /Fo"cmTryCompileExec.dir\Debug\\" /Fd"M:\thirdparties\VTK5.6\src\Utilities\kwsys\CMakeFiles\CMakeTmp\Debug/cmTryCompileExec.pdb" /W4 /c /Zi /TP   /Zm1000
1>   ..\..\kwsysPlatformTestsCXX.cxx
1>kwsysPlatformTestsCXX.cxx
1>..\..\kwsysPlatformTestsCXX.cxx(287) : error C2664: 'function' : cannot convert parameter 1 from '__int64 **' to 'long **'
1>        Types pointed to are unrelated; conversion requires reinterpret_cast, C-style cast or function-style cast
1>Build log was saved at "file://m:\thirdparties\VTK5.6\src\Utilities\kwsys\CMakeFiles\CMakeTmp\cmTryCompileExec.dir\Debug\BuildLog.htm"
1>cmTryCompileExec - 1 error(s), 0 warning(s)
========== Build: 0 succeeded, 1 failed, 0 up-to-date, 0 skipped ==========


Determining if files dlfcn.h exist failed with the following output:
Change Dir: M:/thirdparties/VTK5.6/src/CMakeFiles/CMakeTmp

Run Build Command:c:\PROGRA~1\MICROS~1.0\Common7\IDE\devenv.com CMAKE_TRY_COMPILE.sln /build Debug /project cmTryCompileExec

Microsoft (R) Visual Studio Version 9.0.30729.1.
Copyright (C) Microsoft Corp. All rights reserved.
1>------ Build started: Project: cmTryCompileExec, Configuration: Debug Win32 ------
1>Compiling...
1>Microsoft (R) 32-bit C/C++ Optimizing Compiler Version 15.00.30729.01 for 80x86
1>Copyright (C) Microsoft Corporation.  All rights reserved.
1>cl /Od /D "WIN32" /D "_WINDOWS" /D "_DEBUG" /D "CMAKE_INTDIR=\"Debug\"" /D "_MBCS" /FD /RTC1 /MDd /Fo"cmTryCompileExec.dir\Debug\\" /Fd"M:\thirdparties\VTK5.6\src\CMakeFiles\CMakeTmp\Debug/cmTryCompileExec.pdb" /W3 /c /Zi /TC   /Zm1000
1>   .\CheckIncludeFiles.c
1>CheckIncludeFiles.c
1>.\CheckIncludeFiles.c(2) : fatal error C1083: Cannot open include file: 'dlfcn.h': No such file or directory
1>Build log was saved at "file://m:\thirdparties\VTK5.6\src\CMakeFiles\CMakeTmp\cmTryCompileExec.dir\Debug\BuildLog.htm"
1>cmTryCompileExec - 1 error(s), 0 warning(s)
========== Build: 0 succeeded, 1 failed, 0 up-to-date, 0 skipped ==========

Source:
/* */
#include <dlfcn.h>


int main(){return 0;}

Determining if files inttypes.h exist failed with the following output:
Change Dir: M:/thirdparties/VTK5.6/src/CMakeFiles/CMakeTmp

Run Build Command:c:\PROGRA~1\MICROS~1.0\Common7\IDE\devenv.com CMAKE_TRY_COMPILE.sln /build Debug /project cmTryCompileExec

Microsoft (R) Visual Studio Version 9.0.30729.1.
Copyright (C) Microsoft Corp. All rights reserved.
1>------ Build started: Project: cmTryCompileExec, Configuration: Debug Win32 ------
1>Compiling...
1>Microsoft (R) 32-bit C/C++ Optimizing Compiler Version 15.00.30729.01 for 80x86
1>Copyright (C) Microsoft Corporation.  All rights reserved.
1>cl /Od /D "WIN32" /D "_WINDOWS" /D "_DEBUG" /D "CMAKE_INTDIR=\"Debug\"" /D "_MBCS" /FD /RTC1 /MDd /Fo"cmTryCompileExec.dir\Debug\\" /Fd"M:\thirdparties\VTK5.6\src\CMakeFiles\CMakeTmp\Debug/cmTryCompileExec.pdb" /W3 /c /Zi /TC   /Zm1000
1>   .\CheckIncludeFiles.c
1>CheckIncludeFiles.c
1>.\CheckIncludeFiles.c(2) : fatal error C1083: Cannot open include file: 'inttypes.h': No such file or directory
1>Build log was saved at "file://m:\thirdparties\VTK5.6\src\CMakeFiles\CMakeTmp\cmTryCompileExec.dir\Debug\BuildLog.htm"
1>cmTryCompileExec - 1 error(s), 0 warning(s)
========== Build: 0 succeeded, 1 failed, 0 up-to-date, 0 skipped ==========

Source:
/* */
#include <inttypes.h>


int main(){return 0;}

Determining if files strings.h exist failed with the following output:
Change Dir: M:/thirdparties/VTK5.6/src/CMakeFiles/CMakeTmp

Run Build Command:c:\PROGRA~1\MICROS~1.0\Common7\IDE\devenv.com CMAKE_TRY_COMPILE.sln /build Debug /project cmTryCompileExec

Microsoft (R) Visual Studio Version 9.0.30729.1.
Copyright (C) Microsoft Corp. All rights reserved.
1>------ Build started: Project: cmTryCompileExec, Configuration: Debug Win32 ------
1>Compiling...
1>Microsoft (R) 32-bit C/C++ Optimizing Compiler Version 15.00.30729.01 for 80x86
1>Copyright (C) Microsoft Corporation.  All rights reserved.
1>cl /Od /D "WIN32" /D "_WINDOWS" /D "_DEBUG" /D "CMAKE_INTDIR=\"Debug\"" /D "_MBCS" /FD /RTC1 /MDd /Fo"cmTryCompileExec.dir\Debug\\" /Fd"M:\thirdparties\VTK5.6\src\CMakeFiles\CMakeTmp\Debug/cmTryCompileExec.pdb" /W3 /c /Zi /TC   /Zm1000
1>   .\CheckIncludeFiles.c
1>CheckIncludeFiles.c
1>.\CheckIncludeFiles.c(2) : fatal error C1083: Cannot open include file: 'strings.h': No such file or directory
1>Build log was saved at "file://m:\thirdparties\VTK5.6\src\CMakeFiles\CMakeTmp\cmTryCompileExec.dir\Debug\BuildLog.htm"
1>cmTryCompileExec - 1 error(s), 0 warning(s)
========== Build: 0 succeeded, 1 failed, 0 up-to-date, 0 skipped ==========

Source:
/* */
#include <strings.h>


int main(){return 0;}

Determining if files sys/time.h exist failed with the following output:
Change Dir: M:/thirdparties/VTK5.6/src/CMakeFiles/CMakeTmp

Run Build Command:c:\PROGRA~1\MICROS~1.0\Common7\IDE\devenv.com CMAKE_TRY_COMPILE.sln /build Debug /project cmTryCompileExec

Microsoft (R) Visual Studio Version 9.0.30729.1.
Copyright (C) Microsoft Corp. All rights reserved.
1>------ Build started: Project: cmTryCompileExec, Configuration: Debug Win32 ------
1>Compiling...
1>Microsoft (R) 32-bit C/C++ Optimizing Compiler Version 15.00.30729.01 for 80x86
1>Copyright (C) Microsoft Corporation.  All rights reserved.
1>cl /Od /D "WIN32" /D "_WINDOWS" /D "_DEBUG" /D "CMAKE_INTDIR=\"Debug\"" /D "_MBCS" /FD /RTC1 /MDd /Fo"cmTryCompileExec.dir\Debug\\" /Fd"M:\thirdparties\VTK5.6\src\CMakeFiles\CMakeTmp\Debug/cmTryCompileExec.pdb" /W3 /c /Zi /TC   /Zm1000
1>   .\CheckIncludeFiles.c
1>CheckIncludeFiles.c
1>.\CheckIncludeFiles.c(2) : fatal error C1083: Cannot open include file: 'sys/time.h': No such file or directory
1>Build log was saved at "file://m:\thirdparties\VTK5.6\src\CMakeFiles\CMakeTmp\cmTryCompileExec.dir\Debug\BuildLog.htm"
1>cmTryCompileExec - 1 error(s), 0 warning(s)
========== Build: 0 succeeded, 1 failed, 0 up-to-date, 0 skipped ==========

Source:
/* */
#include <sys/time.h>


int main(){return 0;}

Determining if files unistd.h exist failed with the following output:
Change Dir: M:/thirdparties/VTK5.6/src/CMakeFiles/CMakeTmp

Run Build Command:c:\PROGRA~1\MICROS~1.0\Common7\IDE\devenv.com CMAKE_TRY_COMPILE.sln /build Debug /project cmTryCompileExec

Microsoft (R) Visual Studio Version 9.0.30729.1.
Copyright (C) Microsoft Corp. All rights reserved.
1>------ Build started: Project: cmTryCompileExec, Configuration: Debug Win32 ------
1>Compiling...
1>Microsoft (R) 32-bit C/C++ Optimizing Compiler Version 15.00.30729.01 for 80x86
1>Copyright (C) Microsoft Corporation.  All rights reserved.
1>cl /Od /D "WIN32" /D "_WINDOWS" /D "_DEBUG" /D "CMAKE_INTDIR=\"Debug\"" /D "_MBCS" /FD /RTC1 /MDd /Fo"cmTryCompileExec.dir\Debug\\" /Fd"M:\thirdparties\VTK5.6\src\CMakeFiles\CMakeTmp\Debug/cmTryCompileExec.pdb" /W3 /c /Zi /TC   /Zm1000
1>   .\CheckIncludeFiles.c
1>CheckIncludeFiles.c
1>.\CheckIncludeFiles.c(2) : fatal error C1083: Cannot open include file: 'unistd.h': No such file or directory
1>Build log was saved at "file://m:\thirdparties\VTK5.6\src\CMakeFiles\CMakeTmp\cmTryCompileExec.dir\Debug\BuildLog.htm"
1>cmTryCompileExec - 1 error(s), 0 warning(s)
========== Build: 0 succeeded, 1 failed, 0 up-to-date, 0 skipped ==========

Source:
/* */
#include <unistd.h>


int main(){return 0;}

Determining if files ieeefp.h exist failed with the following output:
Change Dir: M:/thirdparties/VTK5.6/src/CMakeFiles/CMakeTmp

Run Build Command:c:\PROGRA~1\MICROS~1.0\Common7\IDE\devenv.com CMAKE_TRY_COMPILE.sln /build Debug /project cmTryCompileExec

Microsoft (R) Visual Studio Version 9.0.30729.1.
Copyright (C) Microsoft Corp. All rights reserved.
1>------ Build started: Project: cmTryCompileExec, Configuration: Debug Win32 ------
1>Compiling...
1>Microsoft (R) 32-bit C/C++ Optimizing Compiler Version 15.00.30729.01 for 80x86
1>Copyright (C) Microsoft Corporation.  All rights reserved.
1>cl /Od /D "WIN32" /D "_WINDOWS" /D "_DEBUG" /D "CMAKE_INTDIR=\"Debug\"" /D "_MBCS" /FD /RTC1 /MDd /Fo"cmTryCompileExec.dir\Debug\\" /Fd"M:\thirdparties\VTK5.6\src\CMakeFiles\CMakeTmp\Debug/cmTryCompileExec.pdb" /W3 /c /Zi /TC   /Zm1000
1>   .\CheckIncludeFiles.c
1>CheckIncludeFiles.c
1>.\CheckIncludeFiles.c(2) : fatal error C1083: Cannot open include file: 'ieeefp.h': No such file or directory
1>Build log was saved at "file://m:\thirdparties\VTK5.6\src\CMakeFiles\CMakeTmp\cmTryCompileExec.dir\Debug\BuildLog.htm"
1>cmTryCompileExec - 1 error(s), 0 warning(s)
========== Build: 0 succeeded, 1 failed, 0 up-to-date, 0 skipped ==========

Source:
/* */
#include <ieeefp.h>


int main(){return 0;}

Determining if the function getopt exists failed with the following output:
Change Dir: M:/thirdparties/VTK5.6/src/CMakeFiles/CMakeTmp

Run Build Command:c:\PROGRA~1\MICROS~1.0\Common7\IDE\devenv.com CMAKE_TRY_COMPILE.sln /build Debug /project cmTryCompileExec

Microsoft (R) Visual Studio Version 9.0.30729.1.
Copyright (C) Microsoft Corp. All rights reserved.
1>------ Build started: Project: cmTryCompileExec, Configuration: Debug Win32 ------
1>Compiling...
1>Microsoft (R) 32-bit C/C++ Optimizing Compiler Version 15.00.30729.01 for 80x86
1>Copyright (C) Microsoft Corporation.  All rights reserved.
1>cl /Od /D "WIN32" /D "_WINDOWS" /D "CHECK_FUNCTION_EXISTS=getopt" /D "_DEBUG" /D "CMAKE_INTDIR=\"Debug\"" /D "_MBCS" /FD /RTC1 /MDd /Fo"cmTryCompileExec.dir\Debug\\" /Fd"M:\thirdparties\VTK5.6\src\CMakeFiles\CMakeTmp\Debug/cmTryCompileExec.pdb" /W3 /c /Zi /TC   /Zm1000
1>   "C:\CMake 2.8\share\cmake-2.8\Modules\CheckFunctionExists.c"
1>CheckFunctionExists.c
1>Compiling manifest to resources...
1>Microsoft (R) Windows (R) Resource Compiler Version 6.1.6723.1
1>Copyright (C) Microsoft Corporation.  All rights reserved.
1>Linking...
1>CheckFunctionExists.obj : error LNK2019: unresolved external symbol _getopt referenced in function _main
1>M:\thirdparties\VTK5.6\src\CMakeFiles\CMakeTmp\Debug\cmTryCompileExec.exe : fatal error LNK1120: 1 unresolved externals
1>Build log was saved at "file://m:\thirdparties\VTK5.6\src\CMakeFiles\CMakeTmp\cmTryCompileExec.dir\Debug\BuildLog.htm"
1>cmTryCompileExec - 2 error(s), 0 warning(s)
========== Build: 0 succeeded, 1 failed, 0 up-to-date, 0 skipped ==========


Determining if the function isascii exists failed with the following output:
Change Dir: M:/thirdparties/VTK5.6/src/CMakeFiles/CMakeTmp

Run Build Command:c:\PROGRA~1\MICROS~1.0\Common7\IDE\devenv.com CMAKE_TRY_COMPILE.sln /build Debug /project cmTryCompileExec

Microsoft (R) Visual Studio Version 9.0.30729.1.
Copyright (C) Microsoft Corp. All rights reserved.
1>------ Build started: Project: cmTryCompileExec, Configuration: Debug Win32 ------
1>Compiling...
1>Microsoft (R) 32-bit C/C++ Optimizing Compiler Version 15.00.30729.01 for 80x86
1>Copyright (C) Microsoft Corporation.  All rights reserved.
1>cl /Od /D "WIN32" /D "_WINDOWS" /D "CHECK_FUNCTION_EXISTS=isascii" /D "_DEBUG" /D "CMAKE_INTDIR=\"Debug\"" /D "_MBCS" /FD /RTC1 /MDd /Fo"cmTryCompileExec.dir\Debug\\" /Fd"M:\thirdparties\VTK5.6\src\CMakeFiles\CMakeTmp\Debug/cmTryCompileExec.pdb" /W3 /c /Zi /TC   /Zm1000
1>   "C:\CMake 2.8\share\cmake-2.8\Modules\CheckFunctionExists.c"
1>CheckFunctionExists.c
1>Compiling manifest to resources...
1>Microsoft (R) Windows (R) Resource Compiler Version 6.1.6723.1
1>Copyright (C) Microsoft Corporation.  All rights reserved.
1>Linking...
1>CheckFunctionExists.obj : error LNK2019: unresolved external symbol _isascii referenced in function _main
1>M:\thirdparties\VTK5.6\src\CMakeFiles\CMakeTmp\Debug\cmTryCompileExec.exe : fatal error LNK1120: 1 unresolved externals
1>Build log was saved at "file://m:\thirdparties\VTK5.6\src\CMakeFiles\CMakeTmp\cmTryCompileExec.dir\Debug\BuildLog.htm"
1>cmTryCompileExec - 2 error(s), 0 warning(s)
========== Build: 0 succeeded, 1 failed, 0 up-to-date, 0 skipped ==========


Determining if the function mmap exists failed with the following output:
Change Dir: M:/thirdparties/VTK5.6/src/CMakeFiles/CMakeTmp

Run Build Command:c:\PROGRA~1\MICROS~1.0\Common7\IDE\devenv.com CMAKE_TRY_COMPILE.sln /build Debug /project cmTryCompileExec

Microsoft (R) Visual Studio Version 9.0.30729.1.
Copyright (C) Microsoft Corp. All rights reserved.
1>------ Build started: Project: cmTryCompileExec, Configuration: Debug Win32 ------
1>Compiling...
1>Microsoft (R) 32-bit C/C++ Optimizing Compiler Version 15.00.30729.01 for 80x86
1>Copyright (C) Microsoft Corporation.  All rights reserved.
1>cl /Od /D "WIN32" /D "_WINDOWS" /D "CHECK_FUNCTION_EXISTS=mmap" /D "_DEBUG" /D "CMAKE_INTDIR=\"Debug\"" /D "_MBCS" /FD /RTC1 /MDd /Fo"cmTryCompileExec.dir\Debug\\" /Fd"M:\thirdparties\VTK5.6\src\CMakeFiles\CMakeTmp\Debug/cmTryCompileExec.pdb" /W3 /c /Zi /TC   /Zm1000
1>   "C:\CMake 2.8\share\cmake-2.8\Modules\CheckFunctionExists.c"
1>CheckFunctionExists.c
1>Compiling manifest to resources...
1>Microsoft (R) Windows (R) Resource Compiler Version 6.1.6723.1
1>Copyright (C) Microsoft Corporation.  All rights reserved.
1>Linking...
1>CheckFunctionExists.obj : error LNK2019: unresolved external symbol _mmap referenced in function _main
1>M:\thirdparties\VTK5.6\src\CMakeFiles\CMakeTmp\Debug\cmTryCompileExec.exe : fatal error LNK1120: 1 unresolved externals
1>Build log was saved at "file://m:\thirdparties\VTK5.6\src\CMakeFiles\CMakeTmp\cmTryCompileExec.dir\Debug\BuildLog.htm"
1>cmTryCompileExec - 2 error(s), 0 warning(s)
========== Build: 0 succeeded, 1 failed, 0 up-to-date, 0 skipped ==========


Determining if the function strcasecmp exists failed with the following output:
Change Dir: M:/thirdparties/VTK5.6/src/CMakeFiles/CMakeTmp

Run Build Command:c:\PROGRA~1\MICROS~1.0\Common7\IDE\devenv.com CMAKE_TRY_COMPILE.sln /build Debug /project cmTryCompileExec

Microsoft (R) Visual Studio Version 9.0.30729.1.
Copyright (C) Microsoft Corp. All rights reserved.
1>------ Build started: Project: cmTryCompileExec, Configuration: Debug Win32 ------
1>Compiling...
1>Microsoft (R) 32-bit C/C++ Optimizing Compiler Version 15.00.30729.01 for 80x86
1>Copyright (C) Microsoft Corporation.  All rights reserved.
1>cl /Od /D "WIN32" /D "_WINDOWS" /D "CHECK_FUNCTION_EXISTS=strcasecmp" /D "_DEBUG" /D "CMAKE_INTDIR=\"Debug\"" /D "_MBCS" /FD /RTC1 /MDd /Fo"cmTryCompileExec.dir\Debug\\" /Fd"M:\thirdparties\VTK5.6\src\CMakeFiles\CMakeTmp\Debug/cmTryCompileExec.pdb" /W3 /c /Zi /TC   /Zm1000
1>   "C:\CMake 2.8\share\cmake-2.8\Modules\CheckFunctionExists.c"
1>CheckFunctionExists.c
1>Compiling manifest to resources...
1>Microsoft (R) Windows (R) Resource Compiler Version 6.1.6723.1
1>Copyright (C) Microsoft Corporation.  All rights reserved.
1>Linking...
1>CheckFunctionExists.obj : error LNK2019: unresolved external symbol _strcasecmp referenced in function _main
1>M:\thirdparties\VTK5.6\src\CMakeFiles\CMakeTmp\Debug\cmTryCompileExec.exe : fatal error LNK1120: 1 unresolved externals
1>Build log was saved at "file://m:\thirdparties\VTK5.6\src\CMakeFiles\CMakeTmp\cmTryCompileExec.dir\Debug\BuildLog.htm"
1>cmTryCompileExec - 2 error(s), 0 warning(s)
========== Build: 0 succeeded, 1 failed, 0 up-to-date, 0 skipped ==========


Determining if the function areroul exists failed with the following output:
Change Dir: M:/thirdparties/VTK5.6/src/CMakeFiles/CMakeTmp

Run Build Command:c:\PROGRA~1\MICROS~1.0\Common7\IDE\devenv.com CMAKE_TRY_COMPILE.sln /build Debug /project cmTryCompileExec

Microsoft (R) Visual Studio Version 9.0.30729.1.
Copyright (C) Microsoft Corp. All rights reserved.
1>------ Build started: Project: cmTryCompileExec, Configuration: Debug Win32 ------
1>Compiling...
1>Microsoft (R) 32-bit C/C++ Optimizing Compiler Version 15.00.30729.01 for 80x86
1>Copyright (C) Microsoft Corporation.  All rights reserved.
1>cl /Od /D "WIN32" /D "_WINDOWS" /D "CHECK_FUNCTION_EXISTS=areroul" /D "_DEBUG" /D "CMAKE_INTDIR=\"Debug\"" /D "_MBCS" /FD /RTC1 /MDd /Fo"cmTryCompileExec.dir\Debug\\" /Fd"M:\thirdparties\VTK5.6\src\CMakeFiles\CMakeTmp\Debug/cmTryCompileExec.pdb" /W3 /c /Zi /TC   /Zm1000
1>   "C:\CMake 2.8\share\cmake-2.8\Modules\CheckFunctionExists.c"
1>CheckFunctionExists.c
1>Compiling manifest to resources...
1>Microsoft (R) Windows (R) Resource Compiler Version 6.1.6723.1
1>Copyright (C) Microsoft Corporation.  All rights reserved.
1>Linking...
1>CheckFunctionExists.obj : error LNK2019: unresolved external symbol _areroul referenced in function _main
1>M:\thirdparties\VTK5.6\src\CMakeFiles\CMakeTmp\Debug\cmTryCompileExec.exe : fatal error LNK1120: 1 unresolved externals
1>Build log was saved at "file://m:\thirdparties\VTK5.6\src\CMakeFiles\CMakeTmp\cmTryCompileExec.dir\Debug\BuildLog.htm"
1>cmTryCompileExec - 2 error(s), 0 warning(s)
========== Build: 0 succeeded, 1 failed, 0 up-to-date, 0 skipped ==========


Determining if the function dlopen exists in the dl; failed with the following output:
Change Dir: M:/thirdparties/VTK5.6/src/CMakeFiles/CMakeTmp

Run Build Command:c:\PROGRA~1\MICROS~1.0\Common7\IDE\devenv.com CMAKE_TRY_COMPILE.sln /build Debug /project cmTryCompileExec

Microsoft (R) Visual Studio Version 9.0.30729.1.
Copyright (C) Microsoft Corp. All rights reserved.
1>------ Build started: Project: cmTryCompileExec, Configuration: Debug Win32 ------
1>Compiling...
1>Microsoft (R) 32-bit C/C++ Optimizing Compiler Version 15.00.30729.01 for 80x86
1>Copyright (C) Microsoft Corporation.  All rights reserved.
1>cl /Od /D "WIN32" /D "_WINDOWS" /D "CHECK_FUNCTION_EXISTS=dlopen" /D "_DEBUG" /D "CMAKE_INTDIR=\"Debug\"" /D "_MBCS" /FD /RTC1 /MDd /Fo"cmTryCompileExec.dir\Debug\\" /Fd"M:\thirdparties\VTK5.6\src\CMakeFiles\CMakeTmp\Debug/cmTryCompileExec.pdb" /W3 /c /Zi /TC   /Zm1000
1>   "C:\CMake 2.8\share\cmake-2.8\Modules\CheckFunctionExists.c"
1>CheckFunctionExists.c
1>Compiling manifest to resources...
1>Microsoft (R) Windows (R) Resource Compiler Version 6.1.6723.1
1>Copyright (C) Microsoft Corporation.  All rights reserved.
1>Linking...
1>LINK : fatal error LNK1104: cannot open file 'dl.lib'
1>Build log was saved at "file://m:\thirdparties\VTK5.6\src\CMakeFiles\CMakeTmp\cmTryCompileExec.dir\Debug\BuildLog.htm"
1>cmTryCompileExec - 1 error(s), 0 warning(s)
========== Build: 0 succeeded, 1 failed, 0 up-to-date, 0 skipped ==========


Determining if the function shl_load exists in the dld; failed with the following output:
Change Dir: M:/thirdparties/VTK5.6/src/CMakeFiles/CMakeTmp

Run Build Command:c:\PROGRA~1\MICROS~1.0\Common7\IDE\devenv.com CMAKE_TRY_COMPILE.sln /build Debug /project cmTryCompileExec

Microsoft (R) Visual Studio Version 9.0.30729.1.
Copyright (C) Microsoft Corp. All rights reserved.
1>------ Build started: Project: cmTryCompileExec, Configuration: Debug Win32 ------
1>Compiling...
1>Microsoft (R) 32-bit C/C++ Optimizing Compiler Version 15.00.30729.01 for 80x86
1>Copyright (C) Microsoft Corporation.  All rights reserved.
1>cl /Od /D "WIN32" /D "_WINDOWS" /D "CHECK_FUNCTION_EXISTS=shl_load" /D "_DEBUG" /D "CMAKE_INTDIR=\"Debug\"" /D "_MBCS" /FD /RTC1 /MDd /Fo"cmTryCompileExec.dir\Debug\\" /Fd"M:\thirdparties\VTK5.6\src\CMakeFiles\CMakeTmp\Debug/cmTryCompileExec.pdb" /W3 /c /Zi /TC   /Zm1000
1>   "C:\CMake 2.8\share\cmake-2.8\Modules\CheckFunctionExists.c"
1>CheckFunctionExists.c
1>Compiling manifest to resources...
1>Microsoft (R) Windows (R) Resource Compiler Version 6.1.6723.1
1>Copyright (C) Microsoft Corporation.  All rights reserved.
1>Linking...
1>LINK : fatal error LNK1104: cannot open file 'dld.lib'
1>Build log was saved at "file://m:\thirdparties\VTK5.6\src\CMakeFiles\CMakeTmp\cmTryCompileExec.dir\Debug\BuildLog.htm"
1>cmTryCompileExec - 1 error(s), 0 warning(s)
========== Build: 0 succeeded, 1 failed, 0 up-to-date, 0 skipped ==========


Determining if the function dlopen exists in the  failed with the following output:
Change Dir: M:/thirdparties/VTK5.6/src/CMakeFiles/CMakeTmp

Run Build Command:c:\PROGRA~1\MICROS~1.0\Common7\IDE\devenv.com CMAKE_TRY_COMPILE.sln /build Debug /project cmTryCompileExec

Microsoft (R) Visual Studio Version 9.0.30729.1.
Copyright (C) Microsoft Corp. All rights reserved.
1>------ Build started: Project: cmTryCompileExec, Configuration: Debug Win32 ------
1>Compiling...
1>Microsoft (R) 32-bit C/C++ Optimizing Compiler Version 15.00.30729.01 for 80x86
1>Copyright (C) Microsoft Corporation.  All rights reserved.
1>cl /Od /D "WIN32" /D "_WINDOWS" /D "CHECK_FUNCTION_EXISTS=dlopen" /D "_DEBUG" /D "CMAKE_INTDIR=\"Debug\"" /D "_MBCS" /FD /RTC1 /MDd /Fo"cmTryCompileExec.dir\Debug\\" /Fd"M:\thirdparties\VTK5.6\src\CMakeFiles\CMakeTmp\Debug/cmTryCompileExec.pdb" /W3 /c /Zi /TC   /Zm1000
1>   "C:\CMake 2.8\share\cmake-2.8\Modules\CheckFunctionExists.c"
1>CheckFunctionExists.c
1>Compiling manifest to resources...
1>Microsoft (R) Windows (R) Resource Compiler Version 6.1.6723.1
1>Copyright (C) Microsoft Corporation.  All rights reserved.
1>Linking...
1>CheckFunctionExists.obj : error LNK2019: unresolved external symbol _dlopen referenced in function _main
1>M:\thirdparties\VTK5.6\src\CMakeFiles\CMakeTmp\Debug\cmTryCompileExec.exe : fatal error LNK1120: 1 unresolved externals
1>Build log was saved at "file://m:\thirdparties\VTK5.6\src\CMakeFiles\CMakeTmp\cmTryCompileExec.dir\Debug\BuildLog.htm"
1>cmTryCompileExec - 2 error(s), 0 warning(s)
========== Build: 0 succeeded, 1 failed, 0 up-to-date, 0 skipped ==========


Determining if files stdio.h;stddef.h;sys/types.h;fcntl.h;malloc.h;memory.h;netdb.h exist failed with the following output:
Change Dir: M:/thirdparties/VTK5.6/src/CMakeFiles/CMakeTmp

Run Build Command:c:\PROGRA~1\MICROS~1.0\Common7\IDE\devenv.com CMAKE_TRY_COMPILE.sln /build Debug /project cmTryCompileExec

Microsoft (R) Visual Studio Version 9.0.30729.1.
Copyright (C) Microsoft Corp. All rights reserved.
1>------ Build started: Project: cmTryCompileExec, Configuration: Debug Win32 ------
1>Compiling...
1>Microsoft (R) 32-bit C/C++ Optimizing Compiler Version 15.00.30729.01 for 80x86
1>Copyright (C) Microsoft Corporation.  All rights reserved.
1>cl /Od /D "WIN32" /D "_WINDOWS" /D "_DEBUG" /D "_GNU_SOURCE" /D "CMAKE_INTDIR=\"Debug\"" /D "_MBCS" /FD /RTC1 /MDd /Fo"cmTryCompileExec.dir\Debug\\" /Fd"M:\thirdparties\VTK5.6\src\CMakeFiles\CMakeTmp\Debug/cmTryCompileExec.pdb" /W3 /c /Zi /TC   /Zm1000
1>   .\CheckIncludeFiles.c
1>CheckIncludeFiles.c
1>.\CheckIncludeFiles.c(8) : fatal error C1083: Cannot open include file: 'netdb.h': No such file or directory
1>Build log was saved at "file://m:\thirdparties\VTK5.6\src\CMakeFiles\CMakeTmp\cmTryCompileExec.dir\Debug\BuildLog.htm"
1>cmTryCompileExec - 1 error(s), 0 warning(s)
========== Build: 0 succeeded, 1 failed, 0 up-to-date, 0 skipped ==========

Source:
/* */
#include <stdio.h>
#include <stddef.h>
#include <sys/types.h>
#include <fcntl.h>
#include <malloc.h>
#include <memory.h>
#include <netdb.h>


int main(){return 0;}

Determining if files stdio.h;stddef.h;sys/types.h;fcntl.h;malloc.h;memory.h;limits.h;sys/socket.h exist failed with the following output:
Change Dir: M:/thirdparties/VTK5.6/src/CMakeFiles/CMakeTmp

Run Build Command:c:\PROGRA~1\MICROS~1.0\Common7\IDE\devenv.com CMAKE_TRY_COMPILE.sln /build Debug /project cmTryCompileExec

Microsoft (R) Visual Studio Version 9.0.30729.1.
Copyright (C) Microsoft Corp. All rights reserved.
1>------ Build started: Project: cmTryCompileExec, Configuration: Debug Win32 ------
1>Compiling...
1>Microsoft (R) 32-bit C/C++ Optimizing Compiler Version 15.00.30729.01 for 80x86
1>Copyright (C) Microsoft Corporation.  All rights reserved.
1>cl /Od /D "WIN32" /D "_WINDOWS" /D "_DEBUG" /D "_GNU_SOURCE" /D "CMAKE_INTDIR=\"Debug\"" /D "_MBCS" /FD /RTC1 /MDd /Fo"cmTryCompileExec.dir\Debug\\" /Fd"M:\thirdparties\VTK5.6\src\CMakeFiles\CMakeTmp\Debug/cmTryCompileExec.pdb" /W3 /c /Zi /TC   /Zm1000
1>   .\CheckIncludeFiles.c
1>CheckIncludeFiles.c
1>.\CheckIncludeFiles.c(9) : fatal error C1083: Cannot open include file: 'sys/socket.h': No such file or directory
1>Build log was saved at "file://m:\thirdparties\VTK5.6\src\CMakeFiles\CMakeTmp\cmTryCompileExec.dir\Debug\BuildLog.htm"
1>cmTryCompileExec - 1 error(s), 0 warning(s)
========== Build: 0 succeeded, 1 failed, 0 up-to-date, 0 skipped ==========

Source:
/* */
#include <stdio.h>
#include <stddef.h>
#include <sys/types.h>
#include <fcntl.h>
#include <malloc.h>
#include <memory.h>
#include <limits.h>
#include <sys/socket.h>


int main(){return 0;}

Determining if files stdio.h;stddef.h;sys/types.h;fcntl.h;malloc.h;memory.h;limits.h;netinet/in.h exist failed with the following output:
Change Dir: M:/thirdparties/VTK5.6/src/CMakeFiles/CMakeTmp

Run Build Command:c:\PROGRA~1\MICROS~1.0\Common7\IDE\devenv.com CMAKE_TRY_COMPILE.sln /build Debug /project cmTryCompileExec

Microsoft (R) Visual Studio Version 9.0.30729.1.
Copyright (C) Microsoft Corp. All rights reserved.
1>------ Build started: Project: cmTryCompileExec, Configuration: Debug Win32 ------
1>Compiling...
1>Microsoft (R) 32-bit C/C++ Optimizing Compiler Version 15.00.30729.01 for 80x86
1>Copyright (C) Microsoft Corporation.  All rights reserved.
1>cl /Od /D "WIN32" /D "_WINDOWS" /D "_DEBUG" /D "_GNU_SOURCE" /D "CMAKE_INTDIR=\"Debug\"" /D "_MBCS" /FD /RTC1 /MDd /Fo"cmTryCompileExec.dir\Debug\\" /Fd"M:\thirdparties\VTK5.6\src\CMakeFiles\CMakeTmp\Debug/cmTryCompileExec.pdb" /W3 /c /Zi /TC   /Zm1000
1>   .\CheckIncludeFiles.c
1>CheckIncludeFiles.c
1>.\CheckIncludeFiles.c(9) : fatal error C1083: Cannot open include file: 'netinet/in.h': No such file or directory
1>Build log was saved at "file://m:\thirdparties\VTK5.6\src\CMakeFiles\CMakeTmp\cmTryCompileExec.dir\Debug\BuildLog.htm"
1>cmTryCompileExec - 1 error(s), 0 warning(s)
========== Build: 0 succeeded, 1 failed, 0 up-to-date, 0 skipped ==========

Source:
/* */
#include <stdio.h>
#include <stddef.h>
#include <sys/types.h>
#include <fcntl.h>
#include <malloc.h>
#include <memory.h>
#include <limits.h>
#include <netinet/in.h>


int main(){return 0;}

Determining if files stdio.h;stddef.h;sys/types.h;fcntl.h;malloc.h;memory.h;limits.h;sys/select.h exist failed with the following output:
Change Dir: M:/thirdparties/VTK5.6/src/CMakeFiles/CMakeTmp

Run Build Command:c:\PROGRA~1\MICROS~1.0\Common7\IDE\devenv.com CMAKE_TRY_COMPILE.sln /build Debug /project cmTryCompileExec

Microsoft (R) Visual Studio Version 9.0.30729.1.
Copyright (C) Microsoft Corp. All rights reserved.
1>------ Build started: Project: cmTryCompileExec, Configuration: Debug Win32 ------
1>Compiling...
1>Microsoft (R) 32-bit C/C++ Optimizing Compiler Version 15.00.30729.01 for 80x86
1>Copyright (C) Microsoft Corporation.  All rights reserved.
1>cl /Od /D "WIN32" /D "_WINDOWS" /D "_DEBUG" /D "_GNU_SOURCE" /D "CMAKE_INTDIR=\"Debug\"" /D "_MBCS" /FD /RTC1 /MDd /Fo"cmTryCompileExec.dir\Debug\\" /Fd"M:\thirdparties\VTK5.6\src\CMakeFiles\CMakeTmp\Debug/cmTryCompileExec.pdb" /W3 /c /Zi /TC   /Zm1000
1>   .\CheckIncludeFiles.c
1>CheckIncludeFiles.c
1>.\CheckIncludeFiles.c(9) : fatal error C1083: Cannot open include file: 'sys/select.h': No such file or directory
1>Build log was saved at "file://m:\thirdparties\VTK5.6\src\CMakeFiles\CMakeTmp\cmTryCompileExec.dir\Debug\BuildLog.htm"
1>cmTryCompileExec - 1 error(s), 0 warning(s)
========== Build: 0 succeeded, 1 failed, 0 up-to-date, 0 skipped ==========

Source:
/* */
#include <stdio.h>
#include <stddef.h>
#include <sys/types.h>
#include <fcntl.h>
#include <malloc.h>
#include <memory.h>
#include <limits.h>
#include <sys/select.h>


int main(){return 0;}

Determining if files stdio.h;stddef.h;sys/types.h;fcntl.h;malloc.h;memory.h;limits.h;stdlib.h;string.h;sys/stat.h;time.h;signal.h;errno.h;ansidecl.h exist failed with the following output:
Change Dir: M:/thirdparties/VTK5.6/src/CMakeFiles/CMakeTmp

Run Build Command:c:\PROGRA~1\MICROS~1.0\Common7\IDE\devenv.com CMAKE_TRY_COMPILE.sln /build Debug /project cmTryCompileExec

Microsoft (R) Visual Studio Version 9.0.30729.1.
Copyright (C) Microsoft Corp. All rights reserved.
1>------ Build started: Project: cmTryCompileExec, Configuration: Debug Win32 ------
1>Compiling...
1>Microsoft (R) 32-bit C/C++ Optimizing Compiler Version 15.00.30729.01 for 80x86
1>Copyright (C) Microsoft Corporation.  All rights reserved.
1>cl /Od /D "WIN32" /D "_WINDOWS" /D "_DEBUG" /D "_GNU_SOURCE" /D "CMAKE_INTDIR=\"Debug\"" /D "_MBCS" /FD /RTC1 /MDd /Fo"cmTryCompileExec.dir\Debug\\" /Fd"M:\thirdparties\VTK5.6\src\CMakeFiles\CMakeTmp\Debug/cmTryCompileExec.pdb" /W3 /c /Zi /TC   /Zm1000
1>   .\CheckIncludeFiles.c
1>CheckIncludeFiles.c
1>.\CheckIncludeFiles.c(15) : fatal error C1083: Cannot open include file: 'ansidecl.h': No such file or directory
1>Build log was saved at "file://m:\thirdparties\VTK5.6\src\CMakeFiles\CMakeTmp\cmTryCompileExec.dir\Debug\BuildLog.htm"
1>cmTryCompileExec - 1 error(s), 0 warning(s)
========== Build: 0 succeeded, 1 failed, 0 up-to-date, 0 skipped ==========

Source:
/* */
#include <stdio.h>
#include <stddef.h>
#include <sys/types.h>
#include <fcntl.h>
#include <malloc.h>
#include <memory.h>
#include <limits.h>
#include <stdlib.h>
#include <string.h>
#include <sys/stat.h>
#include <time.h>
#include <signal.h>
#include <errno.h>
#include <ansidecl.h>


int main(){return 0;}

Determining if files stdio.h;stddef.h;sys/types.h;fcntl.h;malloc.h;memory.h;limits.h;stdlib.h;string.h;sys/stat.h;time.h;signal.h;errno.h;arpa/inet.h exist failed with the following output:
Change Dir: M:/thirdparties/VTK5.6/src/CMakeFiles/CMakeTmp

Run Build Command:c:\PROGRA~1\MICROS~1.0\Common7\IDE\devenv.com CMAKE_TRY_COMPILE.sln /build Debug /project cmTryCompileExec

Microsoft (R) Visual Studio Version 9.0.30729.1.
Copyright (C) Microsoft Corp. All rights reserved.
1>------ Build started: Project: cmTryCompileExec, Configuration: Debug Win32 ------
1>Compiling...
1>Microsoft (R) 32-bit C/C++ Optimizing Compiler Version 15.00.30729.01 for 80x86
1>Copyright (C) Microsoft Corporation.  All rights reserved.
1>cl /Od /D "WIN32" /D "_WINDOWS" /D "_DEBUG" /D "_GNU_SOURCE" /D "CMAKE_INTDIR=\"Debug\"" /D "_MBCS" /FD /RTC1 /MDd /Fo"cmTryCompileExec.dir\Debug\\" /Fd"M:\thirdparties\VTK5.6\src\CMakeFiles\CMakeTmp\Debug/cmTryCompileExec.pdb" /W3 /c /Zi /TC   /Zm1000
1>   .\CheckIncludeFiles.c
1>CheckIncludeFiles.c
1>.\CheckIncludeFiles.c(15) : fatal error C1083: Cannot open include file: 'arpa/inet.h': No such file or directory
1>Build log was saved at "file://m:\thirdparties\VTK5.6\src\CMakeFiles\CMakeTmp\cmTryCompileExec.dir\Debug\BuildLog.htm"
1>cmTryCompileExec - 1 error(s), 0 warning(s)
========== Build: 0 succeeded, 1 failed, 0 up-to-date, 0 skipped ==========

Source:
/* */
#include <stdio.h>
#include <stddef.h>
#include <sys/types.h>
#include <fcntl.h>
#include <malloc.h>
#include <memory.h>
#include <limits.h>
#include <stdlib.h>
#include <string.h>
#include <sys/stat.h>
#include <time.h>
#include <signal.h>
#include <errno.h>
#include <arpa/inet.h>


int main(){return 0;}

Determining if files stdio.h;stddef.h;sys/types.h;fcntl.h;malloc.h;memory.h;limits.h;stdlib.h;string.h;sys/stat.h;time.h;signal.h;errno.h;arpa/nameser.h exist failed with the following output:
Change Dir: M:/thirdparties/VTK5.6/src/CMakeFiles/CMakeTmp

Run Build Command:c:\PROGRA~1\MICROS~1.0\Common7\IDE\devenv.com CMAKE_TRY_COMPILE.sln /build Debug /project cmTryCompileExec

Microsoft (R) Visual Studio Version 9.0.30729.1.
Copyright (C) Microsoft Corp. All rights reserved.
1>------ Build started: Project: cmTryCompileExec, Configuration: Debug Win32 ------
1>Compiling...
1>Microsoft (R) 32-bit C/C++ Optimizing Compiler Version 15.00.30729.01 for 80x86
1>Copyright (C) Microsoft Corporation.  All rights reserved.
1>cl /Od /D "WIN32" /D "_WINDOWS" /D "_DEBUG" /D "_GNU_SOURCE" /D "CMAKE_INTDIR=\"Debug\"" /D "_MBCS" /FD /RTC1 /MDd /Fo"cmTryCompileExec.dir\Debug\\" /Fd"M:\thirdparties\VTK5.6\src\CMakeFiles\CMakeTmp\Debug/cmTryCompileExec.pdb" /W3 /c /Zi /TC   /Zm1000
1>   .\CheckIncludeFiles.c
1>CheckIncludeFiles.c
1>.\CheckIncludeFiles.c(15) : fatal error C1083: Cannot open include file: 'arpa/nameser.h': No such file or directory
1>Build log was saved at "file://m:\thirdparties\VTK5.6\src\CMakeFiles\CMakeTmp\cmTryCompileExec.dir\Debug\BuildLog.htm"
1>cmTryCompileExec - 1 error(s), 0 warning(s)
========== Build: 0 succeeded, 1 failed, 0 up-to-date, 0 skipped ==========

Source:
/* */
#include <stdio.h>
#include <stddef.h>
#include <sys/types.h>
#include <fcntl.h>
#include <malloc.h>
#include <memory.h>
#include <limits.h>
#include <stdlib.h>
#include <string.h>
#include <sys/stat.h>
#include <time.h>
#include <signal.h>
#include <errno.h>
#include <arpa/nameser.h>


int main(){return 0;}

Determining if files stdio.h;stddef.h;sys/types.h;fcntl.h;malloc.h;memory.h;limits.h;stdlib.h;string.h;sys/stat.h;time.h;signal.h;errno.h;ctype.h;dirent.h exist failed with the following output:
Change Dir: M:/thirdparties/VTK5.6/src/CMakeFiles/CMakeTmp

Run Build Command:c:\PROGRA~1\MICROS~1.0\Common7\IDE\devenv.com CMAKE_TRY_COMPILE.sln /build Debug /project cmTryCompileExec

Microsoft (R) Visual Studio Version 9.0.30729.1.
Copyright (C) Microsoft Corp. All rights reserved.
1>------ Build started: Project: cmTryCompileExec, Configuration: Debug Win32 ------
1>Compiling...
1>Microsoft (R) 32-bit C/C++ Optimizing Compiler Version 15.00.30729.01 for 80x86
1>Copyright (C) Microsoft Corporation.  All rights reserved.
1>cl /Od /D "WIN32" /D "_WINDOWS" /D "_DEBUG" /D "_GNU_SOURCE" /D "CMAKE_INTDIR=\"Debug\"" /D "_MBCS" /FD /RTC1 /MDd /Fo"cmTryCompileExec.dir\Debug\\" /Fd"M:\thirdparties\VTK5.6\src\CMakeFiles\CMakeTmp\Debug/cmTryCompileExec.pdb" /W3 /c /Zi /TC   /Zm1000
1>   .\CheckIncludeFiles.c
1>CheckIncludeFiles.c
1>.\CheckIncludeFiles.c(16) : fatal error C1083: Cannot open include file: 'dirent.h': No such file or directory
1>Build log was saved at "file://m:\thirdparties\VTK5.6\src\CMakeFiles\CMakeTmp\cmTryCompileExec.dir\Debug\BuildLog.htm"
1>cmTryCompileExec - 1 error(s), 0 warning(s)
========== Build: 0 succeeded, 1 failed, 0 up-to-date, 0 skipped ==========

Source:
/* */
#include <stdio.h>
#include <stddef.h>
#include <sys/types.h>
#include <fcntl.h>
#include <malloc.h>
#include <memory.h>
#include <limits.h>
#include <stdlib.h>
#include <string.h>
#include <sys/stat.h>
#include <time.h>
#include <signal.h>
#include <errno.h>
#include <ctype.h>
#include <dirent.h>


int main(){return 0;}

Determining if files stdio.h;stddef.h;sys/types.h;fcntl.h;malloc.h;memory.h;limits.h;stdlib.h;string.h;sys/stat.h;time.h;signal.h;errno.h;ctype.h;dl.h exist failed with the following output:
Change Dir: M:/thirdparties/VTK5.6/src/CMakeFiles/CMakeTmp

Run Build Command:c:\PROGRA~1\MICROS~1.0\Common7\IDE\devenv.com CMAKE_TRY_COMPILE.sln /build Debug /project cmTryCompileExec

Microsoft (R) Visual Studio Version 9.0.30729.1.
Copyright (C) Microsoft Corp. All rights reserved.
1>------ Build started: Project: cmTryCompileExec, Configuration: Debug Win32 ------
1>Compiling...
1>Microsoft (R) 32-bit C/C++ Optimizing Compiler Version 15.00.30729.01 for 80x86
1>Copyright (C) Microsoft Corporation.  All rights reserved.
1>cl /Od /D "WIN32" /D "_WINDOWS" /D "_DEBUG" /D "_GNU_SOURCE" /D "CMAKE_INTDIR=\"Debug\"" /D "_MBCS" /FD /RTC1 /MDd /Fo"cmTryCompileExec.dir\Debug\\" /Fd"M:\thirdparties\VTK5.6\src\CMakeFiles\CMakeTmp\Debug/cmTryCompileExec.pdb" /W3 /c /Zi /TC   /Zm1000
1>   .\CheckIncludeFiles.c
1>CheckIncludeFiles.c
1>.\CheckIncludeFiles.c(16) : fatal error C1083: Cannot open include file: 'dl.h': No such file or directory
1>Build log was saved at "file://m:\thirdparties\VTK5.6\src\CMakeFiles\CMakeTmp\cmTryCompileExec.dir\Debug\BuildLog.htm"
1>cmTryCompileExec - 1 error(s), 0 warning(s)
========== Build: 0 succeeded, 1 failed, 0 up-to-date, 0 skipped ==========

Source:
/* */
#include <stdio.h>
#include <stddef.h>
#include <sys/types.h>
#include <fcntl.h>
#include <malloc.h>
#include <memory.h>
#include <limits.h>
#include <stdlib.h>
#include <string.h>
#include <sys/stat.h>
#include <time.h>
#include <signal.h>
#include <errno.h>
#include <ctype.h>
#include <dl.h>


int main(){return 0;}

Determining if files stdio.h;stddef.h;sys/types.h;fcntl.h;malloc.h;memory.h;limits.h;stdlib.h;string.h;sys/stat.h;time.h;signal.h;errno.h;ctype.h;float.h;fp_class.h exist failed with the following output:
Change Dir: M:/thirdparties/VTK5.6/src/CMakeFiles/CMakeTmp

Run Build Command:c:\PROGRA~1\MICROS~1.0\Common7\IDE\devenv.com CMAKE_TRY_COMPILE.sln /build Debug /project cmTryCompileExec

Microsoft (R) Visual Studio Version 9.0.30729.1.
Copyright (C) Microsoft Corp. All rights reserved.
1>------ Build started: Project: cmTryCompileExec, Configuration: Debug Win32 ------
1>Compiling...
1>Microsoft (R) 32-bit C/C++ Optimizing Compiler Version 15.00.30729.01 for 80x86
1>Copyright (C) Microsoft Corporation.  All rights reserved.
1>cl /Od /D "WIN32" /D "_WINDOWS" /D "_DEBUG" /D "_GNU_SOURCE" /D "CMAKE_INTDIR=\"Debug\"" /D "_MBCS" /FD /RTC1 /MDd /Fo"cmTryCompileExec.dir\Debug\\" /Fd"M:\thirdparties\VTK5.6\src\CMakeFiles\CMakeTmp\Debug/cmTryCompileExec.pdb" /W3 /c /Zi /TC   /Zm1000
1>   .\CheckIncludeFiles.c
1>CheckIncludeFiles.c
1>.\CheckIncludeFiles.c(17) : fatal error C1083: Cannot open include file: 'fp_class.h': No such file or directory
1>Build log was saved at "file://m:\thirdparties\VTK5.6\src\CMakeFiles\CMakeTmp\cmTryCompileExec.dir\Debug\BuildLog.htm"
1>cmTryCompileExec - 1 error(s), 0 warning(s)
========== Build: 0 succeeded, 1 failed, 0 up-to-date, 0 skipped ==========

Source:
/* */
#include <stdio.h>
#include <stddef.h>
#include <sys/types.h>
#include <fcntl.h>
#include <malloc.h>
#include <memory.h>
#include <limits.h>
#include <stdlib.h>
#include <string.h>
#include <sys/stat.h>
#include <time.h>
#include <signal.h>
#include <errno.h>
#include <ctype.h>
#include <float.h>
#include <fp_class.h>


int main(){return 0;}

Determining if files stdio.h;stddef.h;sys/types.h;fcntl.h;malloc.h;memory.h;limits.h;stdlib.h;string.h;sys/stat.h;time.h;signal.h;errno.h;ctype.h;float.h;math.h;nan.h exist failed with the following output:
Change Dir: M:/thirdparties/VTK5.6/src/CMakeFiles/CMakeTmp

Run Build Command:c:\PROGRA~1\MICROS~1.0\Common7\IDE\devenv.com CMAKE_TRY_COMPILE.sln /build Debug /project cmTryCompileExec

Microsoft (R) Visual Studio Version 9.0.30729.1.
Copyright (C) Microsoft Corp. All rights reserved.
1>------ Build started: Project: cmTryCompileExec, Configuration: Debug Win32 ------
1>Compiling...
1>Microsoft (R) 32-bit C/C++ Optimizing Compiler Version 15.00.30729.01 for 80x86
1>Copyright (C) Microsoft Corporation.  All rights reserved.
1>cl /Od /D "WIN32" /D "_WINDOWS" /D "_DEBUG" /D "_GNU_SOURCE" /D "CMAKE_INTDIR=\"Debug\"" /D "_MBCS" /FD /RTC1 /MDd /Fo"cmTryCompileExec.dir\Debug\\" /Fd"M:\thirdparties\VTK5.6\src\CMakeFiles\CMakeTmp\Debug/cmTryCompileExec.pdb" /W3 /c /Zi /TC   /Zm1000
1>   .\CheckIncludeFiles.c
1>CheckIncludeFiles.c
1>.\CheckIncludeFiles.c(18) : fatal error C1083: Cannot open include file: 'nan.h': No such file or directory
1>Build log was saved at "file://m:\thirdparties\VTK5.6\src\CMakeFiles\CMakeTmp\cmTryCompileExec.dir\Debug\BuildLog.htm"
1>cmTryCompileExec - 1 error(s), 0 warning(s)
========== Build: 0 succeeded, 1 failed, 0 up-to-date, 0 skipped ==========

Source:
/* */
#include <stdio.h>
#include <stddef.h>
#include <sys/types.h>
#include <fcntl.h>
#include <malloc.h>
#include <memory.h>
#include <limits.h>
#include <stdlib.h>
#include <string.h>
#include <sys/stat.h>
#include <time.h>
#include <signal.h>
#include <errno.h>
#include <ctype.h>
#include <float.h>
#include <math.h>
#include <nan.h>


int main(){return 0;}

Determining if files stdio.h;stddef.h;sys/types.h;fcntl.h;malloc.h;memory.h;limits.h;stdlib.h;string.h;sys/stat.h;time.h;signal.h;errno.h;ctype.h;float.h;math.h;ndir.h exist failed with the following output:
Change Dir: M:/thirdparties/VTK5.6/src/CMakeFiles/CMakeTmp

Run Build Command:c:\PROGRA~1\MICROS~1.0\Common7\IDE\devenv.com CMAKE_TRY_COMPILE.sln /build Debug /project cmTryCompileExec

Microsoft (R) Visual Studio Version 9.0.30729.1.
Copyright (C) Microsoft Corp. All rights reserved.
1>------ Build started: Project: cmTryCompileExec, Configuration: Debug Win32 ------
1>Compiling...
1>Microsoft (R) 32-bit C/C++ Optimizing Compiler Version 15.00.30729.01 for 80x86
1>Copyright (C) Microsoft Corporation.  All rights reserved.
1>cl /Od /D "WIN32" /D "_WINDOWS" /D "_DEBUG" /D "_GNU_SOURCE" /D "CMAKE_INTDIR=\"Debug\"" /D "_MBCS" /FD /RTC1 /MDd /Fo"cmTryCompileExec.dir\Debug\\" /Fd"M:\thirdparties\VTK5.6\src\CMakeFiles\CMakeTmp\Debug/cmTryCompileExec.pdb" /W3 /c /Zi /TC   /Zm1000
1>   .\CheckIncludeFiles.c
1>CheckIncludeFiles.c
1>.\CheckIncludeFiles.c(18) : fatal error C1083: Cannot open include file: 'ndir.h': No such file or directory
1>Build log was saved at "file://m:\thirdparties\VTK5.6\src\CMakeFiles\CMakeTmp\cmTryCompileExec.dir\Debug\BuildLog.htm"
1>cmTryCompileExec - 1 error(s), 0 warning(s)
========== Build: 0 succeeded, 1 failed, 0 up-to-date, 0 skipped ==========

Source:
/* */
#include <stdio.h>
#include <stddef.h>
#include <sys/types.h>
#include <fcntl.h>
#include <malloc.h>
#include <memory.h>
#include <limits.h>
#include <stdlib.h>
#include <string.h>
#include <sys/stat.h>
#include <time.h>
#include <signal.h>
#include <errno.h>
#include <ctype.h>
#include <float.h>
#include <math.h>
#include <ndir.h>


int main(){return 0;}

Determining if files stdio.h;stddef.h;sys/types.h;fcntl.h;malloc.h;memory.h;limits.h;stdlib.h;string.h;sys/stat.h;time.h;signal.h;errno.h;ctype.h;float.h;math.h;pthread.h exist failed with the following output:
Change Dir: M:/thirdparties/VTK5.6/src/CMakeFiles/CMakeTmp

Run Build Command:c:\PROGRA~1\MICROS~1.0\Common7\IDE\devenv.com CMAKE_TRY_COMPILE.sln /build Debug /project cmTryCompileExec

Microsoft (R) Visual Studio Version 9.0.30729.1.
Copyright (C) Microsoft Corp. All rights reserved.
1>------ Build started: Project: cmTryCompileExec, Configuration: Debug Win32 ------
1>Compiling...
1>Microsoft (R) 32-bit C/C++ Optimizing Compiler Version 15.00.30729.01 for 80x86
1>Copyright (C) Microsoft Corporation.  All rights reserved.
1>cl /Od /D "WIN32" /D "_WINDOWS" /D "_DEBUG" /D "_GNU_SOURCE" /D "CMAKE_INTDIR=\"Debug\"" /D "_MBCS" /FD /RTC1 /MDd /Fo"cmTryCompileExec.dir\Debug\\" /Fd"M:\thirdparties\VTK5.6\src\CMakeFiles\CMakeTmp\Debug/cmTryCompileExec.pdb" /W3 /c /Zi /TC   /Zm1000
1>   .\CheckIncludeFiles.c
1>CheckIncludeFiles.c
1>.\CheckIncludeFiles.c(18) : fatal error C1083: Cannot open include file: 'pthread.h': No such file or directory
1>Build log was saved at "file://m:\thirdparties\VTK5.6\src\CMakeFiles\CMakeTmp\cmTryCompileExec.dir\Debug\BuildLog.htm"
1>cmTryCompileExec - 1 error(s), 0 warning(s)
========== Build: 0 succeeded, 1 failed, 0 up-to-date, 0 skipped ==========

Source:
/* */
#include <stdio.h>
#include <stddef.h>
#include <sys/types.h>
#include <fcntl.h>
#include <malloc.h>
#include <memory.h>
#include <limits.h>
#include <stdlib.h>
#include <string.h>
#include <sys/stat.h>
#include <time.h>
#include <signal.h>
#include <errno.h>
#include <ctype.h>
#include <float.h>
#include <math.h>
#include <pthread.h>


int main(){return 0;}

Determining if files stdio.h;stddef.h;sys/types.h;fcntl.h;malloc.h;memory.h;limits.h;stdlib.h;string.h;sys/stat.h;time.h;signal.h;errno.h;ctype.h;float.h;math.h;resolv.h exist failed with the following output:
Change Dir: M:/thirdparties/VTK5.6/src/CMakeFiles/CMakeTmp

Run Build Command:c:\PROGRA~1\MICROS~1.0\Common7\IDE\devenv.com CMAKE_TRY_COMPILE.sln /build Debug /project cmTryCompileExec

Microsoft (R) Visual Studio Version 9.0.30729.1.
Copyright (C) Microsoft Corp. All rights reserved.
1>------ Build started: Project: cmTryCompileExec, Configuration: Debug Win32 ------
1>Compiling...
1>Microsoft (R) 32-bit C/C++ Optimizing Compiler Version 15.00.30729.01 for 80x86
1>Copyright (C) Microsoft Corporation.  All rights reserved.
1>cl /Od /D "WIN32" /D "_WINDOWS" /D "_DEBUG" /D "_GNU_SOURCE" /D "CMAKE_INTDIR=\"Debug\"" /D "_MBCS" /FD /RTC1 /MDd /Fo"cmTryCompileExec.dir\Debug\\" /Fd"M:\thirdparties\VTK5.6\src\CMakeFiles\CMakeTmp\Debug/cmTryCompileExec.pdb" /W3 /c /Zi /TC   /Zm1000
1>   .\CheckIncludeFiles.c
1>CheckIncludeFiles.c
1>.\CheckIncludeFiles.c(18) : fatal error C1083: Cannot open include file: 'resolv.h': No such file or directory
1>Build log was saved at "file://m:\thirdparties\VTK5.6\src\CMakeFiles\CMakeTmp\cmTryCompileExec.dir\Debug\BuildLog.htm"
1>cmTryCompileExec - 1 error(s), 0 warning(s)
========== Build: 0 succeeded, 1 failed, 0 up-to-date, 0 skipped ==========

Source:
/* */
#include <stdio.h>
#include <stddef.h>
#include <sys/types.h>
#include <fcntl.h>
#include <malloc.h>
#include <memory.h>
#include <limits.h>
#include <stdlib.h>
#include <string.h>
#include <sys/stat.h>
#include <time.h>
#include <signal.h>
#include <errno.h>
#include <ctype.h>
#include <float.h>
#include <math.h>
#include <resolv.h>


int main(){return 0;}

Determining if files stdio.h;stddef.h;sys/types.h;fcntl.h;malloc.h;memory.h;limits.h;stdlib.h;string.h;sys/stat.h;time.h;signal.h;errno.h;ctype.h;float.h;math.h;stdarg.h;sys/mman.h exist failed with the following output:
Change Dir: M:/thirdparties/VTK5.6/src/CMakeFiles/CMakeTmp

Run Build Command:c:\PROGRA~1\MICROS~1.0\Common7\IDE\devenv.com CMAKE_TRY_COMPILE.sln /build Debug /project cmTryCompileExec

Microsoft (R) Visual Studio Version 9.0.30729.1.
Copyright (C) Microsoft Corp. All rights reserved.
1>------ Build started: Project: cmTryCompileExec, Configuration: Debug Win32 ------
1>Compiling...
1>Microsoft (R) 32-bit C/C++ Optimizing Compiler Version 15.00.30729.01 for 80x86
1>Copyright (C) Microsoft Corporation.  All rights reserved.
1>cl /Od /D "WIN32" /D "_WINDOWS" /D "_DEBUG" /D "_GNU_SOURCE" /D "CMAKE_INTDIR=\"Debug\"" /D "_MBCS" /FD /RTC1 /MDd /Fo"cmTryCompileExec.dir\Debug\\" /Fd"M:\thirdparties\VTK5.6\src\CMakeFiles\CMakeTmp\Debug/cmTryCompileExec.pdb" /W3 /c /Zi /TC   /Zm1000
1>   .\CheckIncludeFiles.c
1>CheckIncludeFiles.c
1>.\CheckIncludeFiles.c(19) : fatal error C1083: Cannot open include file: 'sys/mman.h': No such file or directory
1>Build log was saved at "file://m:\thirdparties\VTK5.6\src\CMakeFiles\CMakeTmp\cmTryCompileExec.dir\Debug\BuildLog.htm"
1>cmTryCompileExec - 1 error(s), 0 warning(s)
========== Build: 0 succeeded, 1 failed, 0 up-to-date, 0 skipped ==========

Source:
/* */
#include <stdio.h>
#include <stddef.h>
#include <sys/types.h>
#include <fcntl.h>
#include <malloc.h>
#include <memory.h>
#include <limits.h>
#include <stdlib.h>
#include <string.h>
#include <sys/stat.h>
#include <time.h>
#include <signal.h>
#include <errno.h>
#include <ctype.h>
#include <float.h>
#include <math.h>
#include <stdarg.h>
#include <sys/mman.h>


int main(){return 0;}

Determining if the finite exist failed with the following output:
Change Dir: M:/thirdparties/VTK5.6/src/CMakeFiles/CMakeTmp

Run Build Command:c:\PROGRA~1\MICROS~1.0\Common7\IDE\devenv.com CMAKE_TRY_COMPILE.sln /build Debug /project cmTryCompileExec

Microsoft (R) Visual Studio Version 9.0.30729.1.
Copyright (C) Microsoft Corp. All rights reserved.
1>------ Build started: Project: cmTryCompileExec, Configuration: Debug Win32 ------
1>Compiling...
1>Microsoft (R) 32-bit C/C++ Optimizing Compiler Version 15.00.30729.01 for 80x86
1>Copyright (C) Microsoft Corporation.  All rights reserved.
1>cl /Od /D "WIN32" /D "_WINDOWS" /D "_DEBUG" /D "_GNU_SOURCE" /D "CMAKE_INTDIR=\"Debug\"" /D "_MBCS" /FD /RTC1 /MDd /Fo"cmTryCompileExec.dir\Debug\\" /Fd"M:\thirdparties\VTK5.6\src\CMakeFiles\CMakeTmp\Debug/cmTryCompileExec.pdb" /W3 /c /Zi /TC   /Zm1000
1>   .\CheckSymbolExists.c
1>CheckSymbolExists.c
1>.\CheckSymbolExists.c(25) : error C2065: 'finite' : undeclared identifier
1>Build log was saved at "file://m:\thirdparties\VTK5.6\src\CMakeFiles\CMakeTmp\cmTryCompileExec.dir\Debug\BuildLog.htm"
1>cmTryCompileExec - 1 error(s), 0 warning(s)
========== Build: 0 succeeded, 1 failed, 0 up-to-date, 0 skipped ==========

File M:/thirdparties/VTK5.6/src/CMakeFiles/CMakeTmp/CheckSymbolExists.c:
/* */
#include <stdio.h>
#include <stddef.h>
#include <sys/types.h>
#include <fcntl.h>
#include <malloc.h>
#include <memory.h>
#include <limits.h>
#include <stdlib.h>
#include <string.h>
#include <sys/stat.h>
#include <time.h>
#include <signal.h>
#include <errno.h>
#include <ctype.h>
#include <float.h>
#include <math.h>
#include <stdarg.h>
#include <sys/timeb.h>

void cmakeRequireSymbol(int dummy,...){(void)dummy;}
int main()
{
#ifndef finite
  cmakeRequireSymbol(0,&finite);
#endif
  return 0;
}

Determining if the fpclass exist failed with the following output:
Change Dir: M:/thirdparties/VTK5.6/src/CMakeFiles/CMakeTmp

Run Build Command:c:\PROGRA~1\MICROS~1.0\Common7\IDE\devenv.com CMAKE_TRY_COMPILE.sln /build Debug /project cmTryCompileExec

Microsoft (R) Visual Studio Version 9.0.30729.1.
Copyright (C) Microsoft Corp. All rights reserved.
1>------ Build started: Project: cmTryCompileExec, Configuration: Debug Win32 ------
1>Compiling...
1>Microsoft (R) 32-bit C/C++ Optimizing Compiler Version 15.00.30729.01 for 80x86
1>Copyright (C) Microsoft Corporation.  All rights reserved.
1>cl /Od /D "WIN32" /D "_WINDOWS" /D "_DEBUG" /D "_GNU_SOURCE" /D "CMAKE_INTDIR=\"Debug\"" /D "_MBCS" /FD /RTC1 /MDd /Fo"cmTryCompileExec.dir\Debug\\" /Fd"M:\thirdparties\VTK5.6\src\CMakeFiles\CMakeTmp\Debug/cmTryCompileExec.pdb" /W3 /c /Zi /TC   /Zm1000
1>   .\CheckSymbolExists.c
1>CheckSymbolExists.c
1>.\CheckSymbolExists.c(25) : error C2065: 'fpclass' : undeclared identifier
1>Build log was saved at "file://m:\thirdparties\VTK5.6\src\CMakeFiles\CMakeTmp\cmTryCompileExec.dir\Debug\BuildLog.htm"
1>cmTryCompileExec - 1 error(s), 0 warning(s)
========== Build: 0 succeeded, 1 failed, 0 up-to-date, 0 skipped ==========

File M:/thirdparties/VTK5.6/src/CMakeFiles/CMakeTmp/CheckSymbolExists.c:
/* */
#include <stdio.h>
#include <stddef.h>
#include <sys/types.h>
#include <fcntl.h>
#include <malloc.h>
#include <memory.h>
#include <limits.h>
#include <stdlib.h>
#include <string.h>
#include <sys/stat.h>
#include <time.h>
#include <signal.h>
#include <errno.h>
#include <ctype.h>
#include <float.h>
#include <math.h>
#include <stdarg.h>
#include <sys/timeb.h>

void cmakeRequireSymbol(int dummy,...){(void)dummy;}
int main()
{
#ifndef fpclass
  cmakeRequireSymbol(0,&fpclass);
#endif
  return 0;
}

Determining if the fp_class exist failed with the following output:
Change Dir: M:/thirdparties/VTK5.6/src/CMakeFiles/CMakeTmp

Run Build Command:c:\PROGRA~1\MICROS~1.0\Common7\IDE\devenv.com CMAKE_TRY_COMPILE.sln /build Debug /project cmTryCompileExec

Microsoft (R) Visual Studio Version 9.0.30729.1.
Copyright (C) Microsoft Corp. All rights reserved.
1>------ Build started: Project: cmTryCompileExec, Configuration: Debug Win32 ------
1>Compiling...
1>Microsoft (R) 32-bit C/C++ Optimizing Compiler Version 15.00.30729.01 for 80x86
1>Copyright (C) Microsoft Corporation.  All rights reserved.
1>cl /Od /D "WIN32" /D "_WINDOWS" /D "_DEBUG" /D "_GNU_SOURCE" /D "CMAKE_INTDIR=\"Debug\"" /D "_MBCS" /FD /RTC1 /MDd /Fo"cmTryCompileExec.dir\Debug\\" /Fd"M:\thirdparties\VTK5.6\src\CMakeFiles\CMakeTmp\Debug/cmTryCompileExec.pdb" /W3 /c /Zi /TC   /Zm1000
1>   .\CheckSymbolExists.c
1>CheckSymbolExists.c
1>.\CheckSymbolExists.c(25) : error C2065: 'fp_class' : undeclared identifier
1>Build log was saved at "file://m:\thirdparties\VTK5.6\src\CMakeFiles\CMakeTmp\cmTryCompileExec.dir\Debug\BuildLog.htm"
1>cmTryCompileExec - 1 error(s), 0 warning(s)
========== Build: 0 succeeded, 1 failed, 0 up-to-date, 0 skipped ==========

File M:/thirdparties/VTK5.6/src/CMakeFiles/CMakeTmp/CheckSymbolExists.c:
/* */
#include <stdio.h>
#include <stddef.h>
#include <sys/types.h>
#include <fcntl.h>
#include <malloc.h>
#include <memory.h>
#include <limits.h>
#include <stdlib.h>
#include <string.h>
#include <sys/stat.h>
#include <time.h>
#include <signal.h>
#include <errno.h>
#include <ctype.h>
#include <float.h>
#include <math.h>
#include <stdarg.h>
#include <sys/timeb.h>

void cmakeRequireSymbol(int dummy,...){(void)dummy;}
int main()
{
#ifndef fp_class
  cmakeRequireSymbol(0,&fp_class);
#endif
  return 0;
}

Determining if the gettimeofday exist failed with the following output:
Change Dir: M:/thirdparties/VTK5.6/src/CMakeFiles/CMakeTmp

Run Build Command:c:\PROGRA~1\MICROS~1.0\Common7\IDE\devenv.com CMAKE_TRY_COMPILE.sln /build Debug /project cmTryCompileExec

Microsoft (R) Visual Studio Version 9.0.30729.1.
Copyright (C) Microsoft Corp. All rights reserved.
1>------ Build started: Project: cmTryCompileExec, Configuration: Debug Win32 ------
1>Compiling...
1>Microsoft (R) 32-bit C/C++ Optimizing Compiler Version 15.00.30729.01 for 80x86
1>Copyright (C) Microsoft Corporation.  All rights reserved.
1>cl /Od /D "WIN32" /D "_WINDOWS" /D "_DEBUG" /D "_GNU_SOURCE" /D "CMAKE_INTDIR=\"Debug\"" /D "_MBCS" /FD /RTC1 /MDd /Fo"cmTryCompileExec.dir\Debug\\" /Fd"M:\thirdparties\VTK5.6\src\CMakeFiles\CMakeTmp\Debug/cmTryCompileExec.pdb" /W3 /c /Zi /TC   /Zm1000
1>   .\CheckSymbolExists.c
1>CheckSymbolExists.c
1>.\CheckSymbolExists.c(25) : error C2065: 'gettimeofday' : undeclared identifier
1>Build log was saved at "file://m:\thirdparties\VTK5.6\src\CMakeFiles\CMakeTmp\cmTryCompileExec.dir\Debug\BuildLog.htm"
1>cmTryCompileExec - 1 error(s), 0 warning(s)
========== Build: 0 succeeded, 1 failed, 0 up-to-date, 0 skipped ==========

File M:/thirdparties/VTK5.6/src/CMakeFiles/CMakeTmp/CheckSymbolExists.c:
/* */
#include <stdio.h>
#include <stddef.h>
#include <sys/types.h>
#include <fcntl.h>
#include <malloc.h>
#include <memory.h>
#include <limits.h>
#include <stdlib.h>
#include <string.h>
#include <sys/stat.h>
#include <time.h>
#include <signal.h>
#include <errno.h>
#include <ctype.h>
#include <float.h>
#include <math.h>
#include <stdarg.h>
#include <sys/timeb.h>

void cmakeRequireSymbol(int dummy,...){(void)dummy;}
int main()
{
#ifndef gettimeofday
  cmakeRequireSymbol(0,&gettimeofday);
#endif
  return 0;
}

Determining if the snprintf exist failed with the following output:
Change Dir: M:/thirdparties/VTK5.6/src/CMakeFiles/CMakeTmp

Run Build Command:c:\PROGRA~1\MICROS~1.0\Common7\IDE\devenv.com CMAKE_TRY_COMPILE.sln /build Debug /project cmTryCompileExec

Microsoft (R) Visual Studio Version 9.0.30729.1.
Copyright (C) Microsoft Corp. All rights reserved.
1>------ Build started: Project: cmTryCompileExec, Configuration: Debug Win32 ------
1>Compiling...
1>Microsoft (R) 32-bit C/C++ Optimizing Compiler Version 15.00.30729.01 for 80x86
1>Copyright (C) Microsoft Corporation.  All rights reserved.
1>cl /Od /D "WIN32" /D "_WINDOWS" /D "_DEBUG" /D "_GNU_SOURCE" /D "CMAKE_INTDIR=\"Debug\"" /D "_MBCS" /FD /RTC1 /MDd /Fo"cmTryCompileExec.dir\Debug\\" /Fd"M:\thirdparties\VTK5.6\src\CMakeFiles\CMakeTmp\Debug/cmTryCompileExec.pdb" /W3 /c /Zi /TC   /Zm1000
1>   .\CheckSymbolExists.c
1>CheckSymbolExists.c
1>.\CheckSymbolExists.c(25) : error C2065: 'snprintf' : undeclared identifier
1>Build log was saved at "file://m:\thirdparties\VTK5.6\src\CMakeFiles\CMakeTmp\cmTryCompileExec.dir\Debug\BuildLog.htm"
1>cmTryCompileExec - 1 error(s), 0 warning(s)
========== Build: 0 succeeded, 1 failed, 0 up-to-date, 0 skipped ==========

File M:/thirdparties/VTK5.6/src/CMakeFiles/CMakeTmp/CheckSymbolExists.c:
/* */
#include <stdio.h>
#include <stddef.h>
#include <sys/types.h>
#include <fcntl.h>
#include <malloc.h>
#include <memory.h>
#include <limits.h>
#include <stdlib.h>
#include <string.h>
#include <sys/stat.h>
#include <time.h>
#include <signal.h>
#include <errno.h>
#include <ctype.h>
#include <float.h>
#include <math.h>
#include <stdarg.h>
#include <sys/timeb.h>

void cmakeRequireSymbol(int dummy,...){(void)dummy;}
int main()
{
#ifndef snprintf
  cmakeRequireSymbol(0,&snprintf);
#endif
  return 0;
}

Determining if the strndup exist failed with the following output:
Change Dir: M:/thirdparties/VTK5.6/src/CMakeFiles/CMakeTmp

Run Build Command:c:\PROGRA~1\MICROS~1.0\Common7\IDE\devenv.com CMAKE_TRY_COMPILE.sln /build Debug /project cmTryCompileExec

Microsoft (R) Visual Studio Version 9.0.30729.1.
Copyright (C) Microsoft Corp. All rights reserved.
1>------ Build started: Project: cmTryCompileExec, Configuration: Debug Win32 ------
1>Compiling...
1>Microsoft (R) 32-bit C/C++ Optimizing Compiler Version 15.00.30729.01 for 80x86
1>Copyright (C) Microsoft Corporation.  All rights reserved.
1>cl /Od /D "WIN32" /D "_WINDOWS" /D "_DEBUG" /D "_GNU_SOURCE" /D "CMAKE_INTDIR=\"Debug\"" /D "_MBCS" /FD /RTC1 /MDd /Fo"cmTryCompileExec.dir\Debug\\" /Fd"M:\thirdparties\VTK5.6\src\CMakeFiles\CMakeTmp\Debug/cmTryCompileExec.pdb" /W3 /c /Zi /TC   /Zm1000
1>   .\CheckSymbolExists.c
1>CheckSymbolExists.c
1>.\CheckSymbolExists.c(25) : error C2065: 'strndup' : undeclared identifier
1>Build log was saved at "file://m:\thirdparties\VTK5.6\src\CMakeFiles\CMakeTmp\cmTryCompileExec.dir\Debug\BuildLog.htm"
1>cmTryCompileExec - 1 error(s), 0 warning(s)
========== Build: 0 succeeded, 1 failed, 0 up-to-date, 0 skipped ==========

File M:/thirdparties/VTK5.6/src/CMakeFiles/CMakeTmp/CheckSymbolExists.c:
/* */
#include <stdio.h>
#include <stddef.h>
#include <sys/types.h>
#include <fcntl.h>
#include <malloc.h>
#include <memory.h>
#include <limits.h>
#include <stdlib.h>
#include <string.h>
#include <sys/stat.h>
#include <time.h>
#include <signal.h>
#include <errno.h>
#include <ctype.h>
#include <float.h>
#include <math.h>
#include <stdarg.h>
#include <sys/timeb.h>

void cmakeRequireSymbol(int dummy,...){(void)dummy;}
int main()
{
#ifndef strndup
  cmakeRequireSymbol(0,&strndup);
#endif
  return 0;
}

Checking for getaddrinfo. failed to compile with the following output:
Change Dir: M:/thirdparties/VTK5.6/src/Utilities/vtklibxml2/CMakeFiles/CMakeTmp

Run Build Command:c:\PROGRA~1\MICROS~1.0\Common7\IDE\devenv.com CMAKE_TRY_COMPILE.sln /build Debug /project cmTryCompileExec

Microsoft (R) Visual Studio Version 9.0.30729.1.
Copyright (C) Microsoft Corp. All rights reserved.
1>------ Build started: Project: cmTryCompileExec, Configuration: Debug Win32 ------
1>Compiling...
1>Microsoft (R) 32-bit C/C++ Optimizing Compiler Version 15.00.30729.01 for 80x86
1>Copyright (C) Microsoft Corporation.  All rights reserved.
1>cl /Od /D "WIN32" /D "_WINDOWS" /D "_DEBUG" /D "TEST_HAVE_GETADDRINFO" /D "CMAKE_INTDIR=\"Debug\"" /D "_MBCS" /FD /RTC1 /MDd /Fo"cmTryCompileExec.dir\Debug\\" /Fd"M:\thirdparties\VTK5.6\src\Utilities\vtklibxml2\CMakeFiles\CMakeTmp\Debug/cmTryCompileExec.pdb" /W3 /c /Zi /TC   /Zm1000
1>   ..\..\platformTestsC.c
1>platformTestsC.c
1>..\..\platformTestsC.c(44) : fatal error C1083: Cannot open include file: 'netdb.h': No such file or directory
1>Build log was saved at "file://m:\thirdparties\VTK5.6\src\Utilities\vtklibxml2\CMakeFiles\CMakeTmp\cmTryCompileExec.dir\Debug\BuildLog.htm"
1>cmTryCompileExec - 1 error(s), 0 warning(s)
========== Build: 0 succeeded, 1 failed, 0 up-to-date, 0 skipped ==========


Checking for socklen_t failed to compile with the following output:
Change Dir: M:/thirdparties/VTK5.6/src/Utilities/vtklibxml2/CMakeFiles/CMakeTmp

Run Build Command:c:\PROGRA~1\MICROS~1.0\Common7\IDE\devenv.com CMAKE_TRY_COMPILE.sln /build Debug /project cmTryCompileExec

Microsoft (R) Visual Studio Version 9.0.30729.1.
Copyright (C) Microsoft Corp. All rights reserved.
1>------ Build started: Project: cmTryCompileExec, Configuration: Debug Win32 ------
1>Compiling...
1>Microsoft (R) 32-bit C/C++ Optimizing Compiler Version 15.00.30729.01 for 80x86
1>Copyright (C) Microsoft Corporation.  All rights reserved.
1>cl /Od /D "WIN32" /D "_WINDOWS" /D "_DEBUG" /D "TEST_HAVE_SOCKLEN_T" /D "CMAKE_INTDIR=\"Debug\"" /D "_MBCS" /FD /RTC1 /MDd /Fo"cmTryCompileExec.dir\Debug\\" /Fd"M:\thirdparties\VTK5.6\src\Utilities\vtklibxml2\CMakeFiles\CMakeTmp\Debug/cmTryCompileExec.pdb" /W3 /c /Zi /TC   /Zm1000
1>   ..\..\platformTestsC.c
1>platformTestsC.c
1>..\..\platformTestsC.c(115) : fatal error C1083: Cannot open include file: 'sys/socket.h': No such file or directory
1>Build log was saved at "file://m:\thirdparties\VTK5.6\src\Utilities\vtklibxml2\CMakeFiles\CMakeTmp\cmTryCompileExec.dir\Debug\BuildLog.htm"
1>cmTryCompileExec - 1 error(s), 0 warning(s)
========== Build: 0 succeeded, 1 failed, 0 up-to-date, 0 skipped ==========


Checking for DIR in sys/dir.h failed to compile with the following output:
Change Dir: M:/thirdparties/VTK5.6/src/Utilities/vtklibxml2/CMakeFiles/CMakeTmp

Run Build Command:c:\PROGRA~1\MICROS~1.0\Common7\IDE\devenv.com CMAKE_TRY_COMPILE.sln /build Debug /project cmTryCompileExec

Microsoft (R) Visual Studio Version 9.0.30729.1.
Copyright (C) Microsoft Corp. All rights reserved.
1>------ Build started: Project: cmTryCompileExec, Configuration: Debug Win32 ------
1>Compiling...
1>Microsoft (R) 32-bit C/C++ Optimizing Compiler Version 15.00.30729.01 for 80x86
1>Copyright (C) Microsoft Corporation.  All rights reserved.
1>cl /Od /D "WIN32" /D "_WINDOWS" /D "_DEBUG" /D "TEST_HAVE_SYS_DIR_H" /D "CMAKE_INTDIR=\"Debug\"" /D "_MBCS" /FD /RTC1 /MDd /Fo"cmTryCompileExec.dir\Debug\\" /Fd"M:\thirdparties\VTK5.6\src\Utilities\vtklibxml2\CMakeFiles\CMakeTmp\Debug/cmTryCompileExec.pdb" /W3 /c /Zi /TC   /Zm1000
1>   ..\..\platformTestsC.c
1>platformTestsC.c
1>..\..\platformTestsC.c(71) : fatal error C1083: Cannot open include file: 'sys/dir.h': No such file or directory
1>Build log was saved at "file://m:\thirdparties\VTK5.6\src\Utilities\vtklibxml2\CMakeFiles\CMakeTmp\cmTryCompileExec.dir\Debug\BuildLog.htm"
1>cmTryCompileExec - 1 error(s), 0 warning(s)
========== Build: 0 succeeded, 1 failed, 0 up-to-date, 0 skipped ==========


Checking for DIR in sys/ndir.h failed to compile with the following output:
Change Dir: M:/thirdparties/VTK5.6/src/Utilities/vtklibxml2/CMakeFiles/CMakeTmp

Run Build Command:c:\PROGRA~1\MICROS~1.0\Common7\IDE\devenv.com CMAKE_TRY_COMPILE.sln /build Debug /project cmTryCompileExec

Microsoft (R) Visual Studio Version 9.0.30729.1.
Copyright (C) Microsoft Corp. All rights reserved.
1>------ Build started: Project: cmTryCompileExec, Configuration: Debug Win32 ------
1>Compiling...
1>Microsoft (R) 32-bit C/C++ Optimizing Compiler Version 15.00.30729.01 for 80x86
1>Copyright (C) Microsoft Corporation.  All rights reserved.
1>cl /Od /D "WIN32" /D "_WINDOWS" /D "_DEBUG" /D "TEST_HAVE_SYS_NDIR_H" /D "CMAKE_INTDIR=\"Debug\"" /D "_MBCS" /FD /RTC1 /MDd /Fo"cmTryCompileExec.dir\Debug\\" /Fd"M:\thirdparties\VTK5.6\src\Utilities\vtklibxml2\CMakeFiles\CMakeTmp\Debug/cmTryCompileExec.pdb" /W3 /c /Zi /TC   /Zm1000
1>   ..\..\platformTestsC.c
1>platformTestsC.c
1>..\..\platformTestsC.c(82) : fatal error C1083: Cannot open include file: 'sys/ndir.h': No such file or directory
1>Build log was saved at "file://m:\thirdparties\VTK5.6\src\Utilities\vtklibxml2\CMakeFiles\CMakeTmp\cmTryCompileExec.dir\Debug\BuildLog.htm"
1>cmTryCompileExec - 1 error(s), 0 warning(s)
========== Build: 0 succeeded, 1 failed, 0 up-to-date, 0 skipped ==========


Checking for va_copy failed to compile with the following output:
Change Dir: M:/thirdparties/VTK5.6/src/Utilities/vtklibxml2/CMakeFiles/CMakeTmp

Run Build Command:c:\PROGRA~1\MICROS~1.0\Common7\IDE\devenv.com CMAKE_TRY_COMPILE.sln /build Debug /project cmTryCompileExec

Microsoft (R) Visual Studio Version 9.0.30729.1.
Copyright (C) Microsoft Corp. All rights reserved.
1>------ Build started: Project: cmTryCompileExec, Configuration: Debug Win32 ------
1>Compiling...
1>Microsoft (R) 32-bit C/C++ Optimizing Compiler Version 15.00.30729.01 for 80x86
1>Copyright (C) Microsoft Corporation.  All rights reserved.
1>cl /Od /D "WIN32" /D "_WINDOWS" /D "_DEBUG" /D "TEST_HAVE_VA_COPY" /D "CMAKE_INTDIR=\"Debug\"" /D "_MBCS" /FD /RTC1 /MDd /Fo"cmTryCompileExec.dir\Debug\\" /Fd"M:\thirdparties\VTK5.6\src\Utilities\vtklibxml2\CMakeFiles\CMakeTmp\Debug/cmTryCompileExec.pdb" /W3 /c /Zi /TC   /Zm1000
1>   ..\..\platformTestsC.c
1>platformTestsC.c
1>..\..\platformTestsC.c(96) : warning C4013: 'va_copy' undefined; assuming extern returning int
1>Compiling manifest to resources...
1>Microsoft (R) Windows (R) Resource Compiler Version 6.1.6723.1
1>Copyright (C) Microsoft Corporation.  All rights reserved.
1>Linking...
1>platformTestsC.obj : error LNK2019: unresolved external symbol _va_copy referenced in function _main
1>M:\thirdparties\VTK5.6\src\Utilities\vtklibxml2\CMakeFiles\CMakeTmp\Debug\cmTryCompileExec.exe : fatal error LNK1120: 1 unresolved externals
1>Build log was saved at "file://m:\thirdparties\VTK5.6\src\Utilities\vtklibxml2\CMakeFiles\CMakeTmp\cmTryCompileExec.dir\Debug\BuildLog.htm"
1>cmTryCompileExec - 2 error(s), 1 warning(s)
========== Build: 0 succeeded, 1 failed, 0 up-to-date, 0 skipped ==========


Checking for __va_copy failed to compile with the following output:
Change Dir: M:/thirdparties/VTK5.6/src/Utilities/vtklibxml2/CMakeFiles/CMakeTmp

Run Build Command:c:\PROGRA~1\MICROS~1.0\Common7\IDE\devenv.com CMAKE_TRY_COMPILE.sln /build Debug /project cmTryCompileExec

Microsoft (R) Visual Studio Version 9.0.30729.1.
Copyright (C) Microsoft Corp. All rights reserved.
1>------ Build started: Project: cmTryCompileExec, Configuration: Debug Win32 ------
1>Compiling...
1>Microsoft (R) 32-bit C/C++ Optimizing Compiler Version 15.00.30729.01 for 80x86
1>Copyright (C) Microsoft Corporation.  All rights reserved.
1>cl /Od /D "WIN32" /D "_WINDOWS" /D "_DEBUG" /D "TEST_HAVE___VA_COPY" /D "CMAKE_INTDIR=\"Debug\"" /D "_MBCS" /FD /RTC1 /MDd /Fo"cmTryCompileExec.dir\Debug\\" /Fd"M:\thirdparties\VTK5.6\src\Utilities\vtklibxml2\CMakeFiles\CMakeTmp\Debug/cmTryCompileExec.pdb" /W3 /c /Zi /TC   /Zm1000
1>   ..\..\platformTestsC.c
1>platformTestsC.c
1>..\..\platformTestsC.c(107) : warning C4013: '__va_copy' undefined; assuming extern returning int
1>Compiling manifest to resources...
1>Microsoft (R) Windows (R) Resource Compiler Version 6.1.6723.1
1>Copyright (C) Microsoft Corporation.  All rights reserved.
1>Linking...
1>platformTestsC.obj : error LNK2019: unresolved external symbol ___va_copy referenced in function _main
1>M:\thirdparties\VTK5.6\src\Utilities\vtklibxml2\CMakeFiles\CMakeTmp\Debug\cmTryCompileExec.exe : fatal error LNK1120: 1 unresolved externals
1>Build log was saved at "file://m:\thirdparties\VTK5.6\src\Utilities\vtklibxml2\CMakeFiles\CMakeTmp\cmTryCompileExec.dir\Debug\BuildLog.htm"
1>cmTryCompileExec - 2 error(s), 1 warning(s)
========== Build: 0 succeeded, 1 failed, 0 up-to-date, 0 skipped ==========


Checking for ipv6 support. failed to compile with the following output:
Change Dir: M:/thirdparties/VTK5.6/src/Utilities/vtklibxml2/CMakeFiles/CMakeTmp

Run Build Command:c:\PROGRA~1\MICROS~1.0\Common7\IDE\devenv.com CMAKE_TRY_COMPILE.sln /build Debug /project cmTryCompileExec

Microsoft (R) Visual Studio Version 9.0.30729.1.
Copyright (C) Microsoft Corp. All rights reserved.
1>------ Build started: Project: cmTryCompileExec, Configuration: Debug Win32 ------
1>Compiling...
1>Microsoft (R) 32-bit C/C++ Optimizing Compiler Version 15.00.30729.01 for 80x86
1>Copyright (C) Microsoft Corporation.  All rights reserved.
1>cl /Od /D "WIN32" /D "_WINDOWS" /D "_DEBUG" /D "TEST_SUPPORT_IP6" /D "CMAKE_INTDIR=\"Debug\"" /D "_MBCS" /FD /RTC1 /MDd /Fo"cmTryCompileExec.dir\Debug\\" /Fd"M:\thirdparties\VTK5.6\src\Utilities\vtklibxml2\CMakeFiles\CMakeTmp\Debug/cmTryCompileExec.pdb" /W3 /c /Zi /TC   /Zm1000
1>   ..\..\platformTestsC.c
1>platformTestsC.c
1>..\..\platformTestsC.c(31) : fatal error C1083: Cannot open include file: 'sys/socket.h': No such file or directory
1>Build log was saved at "file://m:\thirdparties\VTK5.6\src\Utilities\vtklibxml2\CMakeFiles\CMakeTmp\cmTryCompileExec.dir\Debug\BuildLog.htm"
1>cmTryCompileExec - 1 error(s), 0 warning(s)
========== Build: 0 succeeded, 1 failed, 0 up-to-date, 0 skipped ==========


Determining if the csin exist failed with the following output:
Change Dir: M:/thirdparties/VTK5.6/src/CMakeFiles/CMakeTmp

Run Build Command:c:\PROGRA~1\MICROS~1.0\Common7\IDE\devenv.com CMAKE_TRY_COMPILE.sln /build Debug /project cmTryCompileExec

Microsoft (R) Visual Studio Version 9.0.30729.1.
Copyright (C) Microsoft Corp. All rights reserved.
1>------ Build started: Project: cmTryCompileExec, Configuration: Debug Win32 ------
1>Compiling...
1>Microsoft (R) 32-bit C/C++ Optimizing Compiler Version 15.00.30729.01 for 80x86
1>Copyright (C) Microsoft Corporation.  All rights reserved.
1>cl /Od /D "WIN32" /D "_WINDOWS" /D "_DEBUG" /D "CMAKE_INTDIR=\"Debug\"" /D "_MBCS" /FD /RTC1 /MDd /Fo"cmTryCompileExec.dir\Debug\\" /Fd"M:\thirdparties\VTK5.6\src\CMakeFiles\CMakeTmp\Debug/cmTryCompileExec.pdb" /W3 /c /Zi /TC   /Zm1000
1>   .\CheckSymbolExists.c
1>CheckSymbolExists.c
1>.\CheckSymbolExists.c(2) : fatal error C1083: Cannot open include file: 'complex.h': No such file or directory
1>Build log was saved at "file://m:\thirdparties\VTK5.6\src\CMakeFiles\CMakeTmp\cmTryCompileExec.dir\Debug\BuildLog.htm"
1>cmTryCompileExec - 1 error(s), 0 warning(s)
========== Build: 0 succeeded, 1 failed, 0 up-to-date, 0 skipped ==========

File M:/thirdparties/VTK5.6/src/CMakeFiles/CMakeTmp/CheckSymbolExists.c:
/* */
#include <complex.h>

void cmakeRequireSymbol(int dummy,...){(void)dummy;}
int main()
{
#ifndef csin
  cmakeRequireSymbol(0,&csin);
#endif
  return 0;
}

Determining if the atanh exist failed with the following output:
Change Dir: M:/thirdparties/VTK5.6/src/CMakeFiles/CMakeTmp

Run Build Command:c:\PROGRA~1\MICROS~1.0\Common7\IDE\devenv.com CMAKE_TRY_COMPILE.sln /build Debug /project cmTryCompileExec

Microsoft (R) Visual Studio Version 9.0.30729.1.
Copyright (C) Microsoft Corp. All rights reserved.
1>------ Build started: Project: cmTryCompileExec, Configuration: Debug Win32 ------
1>Compiling...
1>Microsoft (R) 32-bit C/C++ Optimizing Compiler Version 15.00.30729.01 for 80x86
1>Copyright (C) Microsoft Corporation.  All rights reserved.
1>cl /Od /D "WIN32" /D "_WINDOWS" /D "_DEBUG" /D "CMAKE_INTDIR=\"Debug\"" /D "_MBCS" /FD /RTC1 /MDd /Fo"cmTryCompileExec.dir\Debug\\" /Fd"M:\thirdparties\VTK5.6\src\CMakeFiles\CMakeTmp\Debug/cmTryCompileExec.pdb" /W3 /c /Zi /TC   /Zm1000
1>   .\CheckSymbolExists.c
1>CheckSymbolExists.c
1>.\CheckSymbolExists.c(8) : error C2065: 'atanh' : undeclared identifier
1>Build log was saved at "file://m:\thirdparties\VTK5.6\src\CMakeFiles\CMakeTmp\cmTryCompileExec.dir\Debug\BuildLog.htm"
1>cmTryCompileExec - 1 error(s), 0 warning(s)
========== Build: 0 succeeded, 1 failed, 0 up-to-date, 0 skipped ==========

File M:/thirdparties/VTK5.6/src/CMakeFiles/CMakeTmp/CheckSymbolExists.c:
/* */
#include <math.h>

void cmakeRequireSymbol(int dummy,...){(void)dummy;}
int main()
{
#ifndef atanh
  cmakeRequireSymbol(0,&atanh);
#endif
  return 0;
}

Determining if files ;alloca.h exist failed with the following output:
Change Dir: M:/thirdparties/VTK5.6/src/CMakeFiles/CMakeTmp

Run Build Command:c:\PROGRA~1\MICROS~1.0\Common7\IDE\devenv.com CMAKE_TRY_COMPILE.sln /build Debug /project cmTryCompileExec

Microsoft (R) Visual Studio Version 9.0.30729.1.
Copyright (C) Microsoft Corp. All rights reserved.
1>------ Build started: Project: cmTryCompileExec, Configuration: Debug Win32 ------
1>Compiling...
1>Microsoft (R) 32-bit C/C++ Optimizing Compiler Version 15.00.30729.01 for 80x86
1>Copyright (C) Microsoft Corporation.  All rights reserved.
1>cl /Od /D "WIN32" /D "_WINDOWS" /D "_DEBUG" /D "CMAKE_INTDIR=\"Debug\"" /D "_MBCS" /FD /RTC1 /MDd /Fo"cmTryCompileExec.dir\Debug\\" /Fd"M:\thirdparties\VTK5.6\src\CMakeFiles\CMakeTmp\Debug/cmTryCompileExec.pdb" /W3 /c /Zi /TC   /Zm1000
1>   .\CheckIncludeFiles.c
1>CheckIncludeFiles.c
1>.\CheckIncludeFiles.c(2) : fatal error C1083: Cannot open include file: 'alloca.h': No such file or directory
1>Build log was saved at "file://m:\thirdparties\VTK5.6\src\CMakeFiles\CMakeTmp\cmTryCompileExec.dir\Debug\BuildLog.htm"
1>cmTryCompileExec - 1 error(s), 0 warning(s)
========== Build: 0 succeeded, 1 failed, 0 up-to-date, 0 skipped ==========

Source:
/* */
#include <alloca.h>


int main(){return 0;}

Determining if files stdlib.h;sys/types.h;sys/stat.h;fcntl.h;stdio.h;string.h;stddef.h;stdbool.h exist failed with the following output:
Change Dir: M:/thirdparties/VTK5.6/src/CMakeFiles/CMakeTmp

Run Build Command:c:\PROGRA~1\MICROS~1.0\Common7\IDE\devenv.com CMAKE_TRY_COMPILE.sln /build Debug /project cmTryCompileExec

Microsoft (R) Visual Studio Version 9.0.30729.1.
Copyright (C) Microsoft Corp. All rights reserved.
1>------ Build started: Project: cmTryCompileExec, Configuration: Debug Win32 ------
1>Compiling...
1>Microsoft (R) 32-bit C/C++ Optimizing Compiler Version 15.00.30729.01 for 80x86
1>Copyright (C) Microsoft Corporation.  All rights reserved.
1>cl /Od /D "WIN32" /D "_WINDOWS" /D "_DEBUG" /D "CMAKE_INTDIR=\"Debug\"" /D "_MBCS" /FD /RTC1 /MDd /Fo"cmTryCompileExec.dir\Debug\\" /Fd"M:\thirdparties\VTK5.6\src\CMakeFiles\CMakeTmp\Debug/cmTryCompileExec.pdb" /W3 /c /Zi /TC   /Zm1000
1>   .\CheckIncludeFiles.c
1>CheckIncludeFiles.c
1>.\CheckIncludeFiles.c(9) : fatal error C1083: Cannot open include file: 'stdbool.h': No such file or directory
1>Build log was saved at "file://m:\thirdparties\VTK5.6\src\CMakeFiles\CMakeTmp\cmTryCompileExec.dir\Debug\BuildLog.htm"
1>cmTryCompileExec - 1 error(s), 0 warning(s)
========== Build: 0 succeeded, 1 failed, 0 up-to-date, 0 skipped ==========

Source:
/* */
#include <stdlib.h>
#include <sys/types.h>
#include <sys/stat.h>
#include <fcntl.h>
#include <stdio.h>
#include <string.h>
#include <stddef.h>
#include <stdbool.h>


int main(){return 0;}

Determining if the alloca exist failed with the following output:
Change Dir: M:/thirdparties/VTK5.6/src/CMakeFiles/CMakeTmp

Run Build Command:c:\PROGRA~1\MICROS~1.0\Common7\IDE\devenv.com CMAKE_TRY_COMPILE.sln /build Debug /project cmTryCompileExec

Microsoft (R) Visual Studio Version 9.0.30729.1.
Copyright (C) Microsoft Corp. All rights reserved.
1>------ Build started: Project: cmTryCompileExec, Configuration: Debug Win32 ------
1>Compiling...
1>Microsoft (R) 32-bit C/C++ Optimizing Compiler Version 15.00.30729.01 for 80x86
1>Copyright (C) Microsoft Corporation.  All rights reserved.
1>cl /Od /D "WIN32" /D "_WINDOWS" /D "_DEBUG" /D "CMAKE_INTDIR=\"Debug\"" /D "_MBCS" /FD /RTC1 /MDd /Fo"cmTryCompileExec.dir\Debug\\" /Fd"M:\thirdparties\VTK5.6\src\CMakeFiles\CMakeTmp\Debug/cmTryCompileExec.pdb" /W3 /c /Zi /TC   /Zm1000
1>   .\CheckSymbolExists.c
1>CheckSymbolExists.c
1>.\CheckSymbolExists.c(14) : error C2065: 'alloca' : undeclared identifier
1>Build log was saved at "file://m:\thirdparties\VTK5.6\src\CMakeFiles\CMakeTmp\cmTryCompileExec.dir\Debug\BuildLog.htm"
1>cmTryCompileExec - 1 error(s), 0 warning(s)
========== Build: 0 succeeded, 1 failed, 0 up-to-date, 0 skipped ==========

File M:/thirdparties/VTK5.6/src/CMakeFiles/CMakeTmp/CheckSymbolExists.c:
/* */
#include <stdlib.h>
#include <sys/types.h>
#include <sys/stat.h>
#include <fcntl.h>
#include <stdio.h>
#include <string.h>
#include <stddef.h>

void cmakeRequireSymbol(int dummy,...){(void)dummy;}
int main()
{
#ifndef alloca
  cmakeRequireSymbol(0,&alloca);
#endif
  return 0;
}

Determining size of ssize_t failed with the following output:
Change Dir: M:/thirdparties/VTK5.6/src/CMakeFiles/CMakeTmp

Run Build Command:c:\PROGRA~1\MICROS~1.0\Common7\IDE\devenv.com CMAKE_TRY_COMPILE.sln /build Debug /project cmTryCompileExec

Microsoft (R) Visual Studio Version 9.0.30729.1.
Copyright (C) Microsoft Corp. All rights reserved.
1>------ Build started: Project: cmTryCompileExec, Configuration: Debug Win32 ------
1>Compiling...
1>Microsoft (R) 32-bit C/C++ Optimizing Compiler Version 15.00.30729.01 for 80x86
1>Copyright (C) Microsoft Corporation.  All rights reserved.
1>cl /Od /D "WIN32" /D "_WINDOWS" /D "_DEBUG" /D "CMAKE_INTDIR=\"Debug\"" /D "_MBCS" /FD /RTC1 /MDd /Fo"cmTryCompileExec.dir\Debug\\" /Fd"M:\thirdparties\VTK5.6\src\CMakeFiles\CMakeTmp\Debug/cmTryCompileExec.pdb" /W3 /c /Zi /TC   /Zm1000
1>   ..\CheckTypeSize\SIZEOF_SSIZE_T.c
1>SIZEOF_SSIZE_T.c
1>..\CheckTypeSize\SIZEOF_SSIZE_T.c(18) : error C2065: 'ssize_t' : undeclared identifier
1>..\CheckTypeSize\SIZEOF_SSIZE_T.c(19) : error C2065: 'ssize_t' : undeclared identifier
1>..\CheckTypeSize\SIZEOF_SSIZE_T.c(20) : error C2065: 'ssize_t' : undeclared identifier
1>..\CheckTypeSize\SIZEOF_SSIZE_T.c(21) : error C2065: 'ssize_t' : undeclared identifier
1>..\CheckTypeSize\SIZEOF_SSIZE_T.c(22) : error C2065: 'ssize_t' : undeclared identifier
1>Build log was saved at "file://m:\thirdparties\VTK5.6\src\CMakeFiles\CMakeTmp\cmTryCompileExec.dir\Debug\BuildLog.htm"
1>cmTryCompileExec - 5 error(s), 0 warning(s)
========== Build: 0 succeeded, 1 failed, 0 up-to-date, 0 skipped ==========

M:/thirdparties/VTK5.6/src/CMakeFiles/CheckTypeSize/SIZEOF_SSIZE_T.c:
#include <sys/types.h>
#include <stddef.h>


#undef KEY
#if defined(__i386)
# define KEY '_','_','i','3','8','6'
#elif defined(__x86_64)
# define KEY '_','_','x','8','6','_','6','4'
#elif defined(__ppc__)
# define KEY '_','_','p','p','c','_','_'
#elif defined(__ppc64__)
# define KEY '_','_','p','p','c','6','4','_','_'
#endif

#define SIZE (sizeof(ssize_t))
char info_size[] =  {'I', 'N', 'F', 'O', ':', 's','i','z','e','[',
  ('0' + ((SIZE / 10000)%10)),
  ('0' + ((SIZE / 1000)%10)),
  ('0' + ((SIZE / 100)%10)),
  ('0' + ((SIZE / 10)%10)),
  ('0' +  (SIZE    % 10)),
  ']',
#ifdef KEY
  ' ','k','e','y','[', KEY, ']',
#endif
  '\0'};

#ifdef __CLASSIC_C__
int main(argc, argv) int argc; char *argv[];
#else
int main(int argc, char *argv[])
#endif
{
  int require = 0;
  require += info_size[argc];
  (void)argv;
  return require;
}


Determining size of uchar failed with the following output:
Change Dir: M:/thirdparties/VTK5.6/src/CMakeFiles/CMakeTmp

Run Build Command:c:\PROGRA~1\MICROS~1.0\Common7\IDE\devenv.com CMAKE_TRY_COMPILE.sln /build Debug /project cmTryCompileExec

Microsoft (R) Visual Studio Version 9.0.30729.1.
Copyright (C) Microsoft Corp. All rights reserved.
1>------ Build started: Project: cmTryCompileExec, Configuration: Debug Win32 ------
1>Compiling...
1>Microsoft (R) 32-bit C/C++ Optimizing Compiler Version 15.00.30729.01 for 80x86
1>Copyright (C) Microsoft Corporation.  All rights reserved.
1>cl /Od /D "WIN32" /D "_WINDOWS" /D "_DEBUG" /D "CMAKE_INTDIR=\"Debug\"" /D "_MBCS" /FD /RTC1 /MDd /Fo"cmTryCompileExec.dir\Debug\\" /Fd"M:\thirdparties\VTK5.6\src\CMakeFiles\CMakeTmp\Debug/cmTryCompileExec.pdb" /W3 /c /Zi /TC   /Zm1000
1>   ..\CheckTypeSize\SIZEOF_UCHAR.c
1>SIZEOF_UCHAR.c
1>..\CheckTypeSize\SIZEOF_UCHAR.c(18) : error C2065: 'uchar' : undeclared identifier
1>..\CheckTypeSize\SIZEOF_UCHAR.c(19) : error C2065: 'uchar' : undeclared identifier
1>..\CheckTypeSize\SIZEOF_UCHAR.c(20) : error C2065: 'uchar' : undeclared identifier
1>..\CheckTypeSize\SIZEOF_UCHAR.c(21) : error C2065: 'uchar' : undeclared identifier
1>..\CheckTypeSize\SIZEOF_UCHAR.c(22) : error C2065: 'uchar' : undeclared identifier
1>Build log was saved at "file://m:\thirdparties\VTK5.6\src\CMakeFiles\CMakeTmp\cmTryCompileExec.dir\Debug\BuildLog.htm"
1>cmTryCompileExec - 5 error(s), 0 warning(s)
========== Build: 0 succeeded, 1 failed, 0 up-to-date, 0 skipped ==========

M:/thirdparties/VTK5.6/src/CMakeFiles/CheckTypeSize/SIZEOF_UCHAR.c:
#include <sys/types.h>
#include <stddef.h>


#undef KEY
#if defined(__i386)
# define KEY '_','_','i','3','8','6'
#elif defined(__x86_64)
# define KEY '_','_','x','8','6','_','6','4'
#elif defined(__ppc__)
# define KEY '_','_','p','p','c','_','_'
#elif defined(__ppc64__)
# define KEY '_','_','p','p','c','6','4','_','_'
#endif

#define SIZE (sizeof(uchar))
char info_size[] =  {'I', 'N', 'F', 'O', ':', 's','i','z','e','[',
  ('0' + ((SIZE / 10000)%10)),
  ('0' + ((SIZE / 1000)%10)),
  ('0' + ((SIZE / 100)%10)),
  ('0' + ((SIZE / 10)%10)),
  ('0' +  (SIZE    % 10)),
  ']',
#ifdef KEY
  ' ','k','e','y','[', KEY, ']',
#endif
  '\0'};

#ifdef __CLASSIC_C__
int main(argc, argv) int argc; char *argv[];
#else
int main(int argc, char *argv[])
#endif
{
  int require = 0;
  require += info_size[argc];
  (void)argv;
  return require;
}


Determining size of _Bool failed with the following output:
Change Dir: M:/thirdparties/VTK5.6/src/CMakeFiles/CMakeTmp

Run Build Command:c:\PROGRA~1\MICROS~1.0\Common7\IDE\devenv.com CMAKE_TRY_COMPILE.sln /build Debug /project cmTryCompileExec

Microsoft (R) Visual Studio Version 9.0.30729.1.
Copyright (C) Microsoft Corp. All rights reserved.
1>------ Build started: Project: cmTryCompileExec, Configuration: Debug Win32 ------
1>Compiling...
1>Microsoft (R) 32-bit C/C++ Optimizing Compiler Version 15.00.30729.01 for 80x86
1>Copyright (C) Microsoft Corporation.  All rights reserved.
1>cl /Od /D "WIN32" /D "_WINDOWS" /D "_DEBUG" /D "CMAKE_INTDIR=\"Debug\"" /D "_MBCS" /FD /RTC1 /MDd /Fo"cmTryCompileExec.dir\Debug\\" /Fd"M:\thirdparties\VTK5.6\src\CMakeFiles\CMakeTmp\Debug/cmTryCompileExec.pdb" /W3 /c /Zi /TC   /Zm1000
1>   ..\CheckTypeSize\SIZEOF__BOOL.c
1>SIZEOF__BOOL.c
1>..\CheckTypeSize\SIZEOF__BOOL.c(18) : error C2065: '_Bool' : undeclared identifier
1>..\CheckTypeSize\SIZEOF__BOOL.c(19) : error C2065: '_Bool' : undeclared identifier
1>..\CheckTypeSize\SIZEOF__BOOL.c(20) : error C2065: '_Bool' : undeclared identifier
1>..\CheckTypeSize\SIZEOF__BOOL.c(21) : error C2065: '_Bool' : undeclared identifier
1>..\CheckTypeSize\SIZEOF__BOOL.c(22) : error C2065: '_Bool' : undeclared identifier
1>Build log was saved at "file://m:\thirdparties\VTK5.6\src\CMakeFiles\CMakeTmp\cmTryCompileExec.dir\Debug\BuildLog.htm"
1>cmTryCompileExec - 5 error(s), 0 warning(s)
========== Build: 0 succeeded, 1 failed, 0 up-to-date, 0 skipped ==========

M:/thirdparties/VTK5.6/src/CMakeFiles/CheckTypeSize/SIZEOF__BOOL.c:
#include <sys/types.h>
#include <stddef.h>


#undef KEY
#if defined(__i386)
# define KEY '_','_','i','3','8','6'
#elif defined(__x86_64)
# define KEY '_','_','x','8','6','_','6','4'
#elif defined(__ppc__)
# define KEY '_','_','p','p','c','_','_'
#elif defined(__ppc64__)
# define KEY '_','_','p','p','c','6','4','_','_'
#endif

#define SIZE (sizeof(_Bool))
char info_size[] =  {'I', 'N', 'F', 'O', ':', 's','i','z','e','[',
  ('0' + ((SIZE / 10000)%10)),
  ('0' + ((SIZE / 1000)%10)),
  ('0' + ((SIZE / 100)%10)),
  ('0' + ((SIZE / 10)%10)),
  ('0' +  (SIZE    % 10)),
  ']',
#ifdef KEY
  ' ','k','e','y','[', KEY, ']',
#endif
  '\0'};

#ifdef __CLASSIC_C__
int main(argc, argv) int argc; char *argv[];
#else
int main(int argc, char *argv[])
#endif
{
  int require = 0;
  require += info_size[argc];
  (void)argv;
  return require;
}


Performing C SOURCE FILE Test HAVE_ST_BLKSIZE failed with the following output:
Change Dir: M:/thirdparties/VTK5.6/src/CMakeFiles/CMakeTmp

Run Build Command:c:\PROGRA~1\MICROS~1.0\Common7\IDE\devenv.com CMAKE_TRY_COMPILE.sln /build Debug /project cmTryCompileExec

Microsoft (R) Visual Studio Version 9.0.30729.1.
Copyright (C) Microsoft Corp. All rights reserved.
1>------ Build started: Project: cmTryCompileExec, Configuration: Debug Win32 ------
1>Compiling...
1>Microsoft (R) 32-bit C/C++ Optimizing Compiler Version 15.00.30729.01 for 80x86
1>Copyright (C) Microsoft Corporation.  All rights reserved.
1>cl /Od /D "WIN32" /D "_WINDOWS" /D "_DEBUG" /D "CMAKE_INTDIR=\"Debug\"" /D "_MBCS" /FD /RTC1 /MDd /Fo"cmTryCompileExec.dir\Debug\\" /Fd"M:\thirdparties\VTK5.6\src\CMakeFiles\CMakeTmp\Debug/cmTryCompileExec.pdb" /W3 /c /Zi /TC   /Zm1000
1>   ..\..\CMakeTmp\src.c
1>src.c
1>..\..\CMakeTmp\src.c(5) : error C2039: 'st_blksize' : is not a member of 'stat'
1>        c:\Program Files\Microsoft Visual Studio 9.0\VC\include\sys/stat.h(120) : see declaration of 'stat'
1>Build log was saved at "file://m:\thirdparties\VTK5.6\src\CMakeFiles\CMakeTmp\cmTryCompileExec.dir\Debug\BuildLog.htm"
1>cmTryCompileExec - 1 error(s), 0 warning(s)
========== Build: 0 succeeded, 1 failed, 0 up-to-date, 0 skipped ==========

Source file was:
#include <sys/types.h>
#include <sys/stat.h>
int main() { return 0; }
int t() {
struct stat s; s.st_blksize;
; return 0; }

Performing C SOURCE FILE Test HAVE_FTRUNCATE failed with the following output:
Change Dir: M:/thirdparties/VTK5.6/src/CMakeFiles/CMakeTmp

Run Build Command:c:\PROGRA~1\MICROS~1.0\Common7\IDE\devenv.com CMAKE_TRY_COMPILE.sln /build Debug /project cmTryCompileExec

Microsoft (R) Visual Studio Version 9.0.30729.1.
Copyright (C) Microsoft Corp. All rights reserved.
1>------ Build started: Project: cmTryCompileExec, Configuration: Debug Win32 ------
1>Compiling...
1>Microsoft (R) 32-bit C/C++ Optimizing Compiler Version 15.00.30729.01 for 80x86
1>Copyright (C) Microsoft Corporation.  All rights reserved.
1>cl /Od /D "WIN32" /D "_WINDOWS" /D "_DEBUG" /D "CMAKE_INTDIR=\"Debug\"" /D "_MBCS" /FD /RTC1 /MDd /Fo"cmTryCompileExec.dir\Debug\\" /Fd"M:\thirdparties\VTK5.6\src\CMakeFiles\CMakeTmp\Debug/cmTryCompileExec.pdb" /W3 /c /Zi /TC   /Zm1000
1>   ..\..\CMakeTmp\src.c
1>src.c
1>..\..\CMakeTmp\src.c(7) : warning C4996: 'tmpnam': This function or variable may be unsafe. Consider using tmpnam_s instead. To disable deprecation, use _CRT_SECURE_NO_WARNINGS. See online help for details.
1>        c:\Program Files\Microsoft Visual Studio 9.0\VC\include\stdio.h(340) : see declaration of 'tmpnam'
1>..\..\CMakeTmp\src.c(12) : warning C4013: 'open' undefined; assuming extern returning int
1>..\..\CMakeTmp\src.c(16) : warning C4013: 'write' undefined; assuming extern returning int
1>..\..\CMakeTmp\src.c(18) : warning C4013: 'lseek' undefined; assuming extern returning int
1>..\..\CMakeTmp\src.c(22) : warning C4013: 'ftruncate' undefined; assuming extern returning int
1>..\..\CMakeTmp\src.c(30) : warning C4013: 'read' undefined; assuming extern returning int
1>..\..\CMakeTmp\src.c(37) : warning C4013: 'close' undefined; assuming extern returning int
1>..\..\CMakeTmp\src.c(38) : warning C4996: 'unlink': The POSIX name for this item is deprecated. Instead, use the ISO C++ conformant name: _unlink. See online help for details.
1>        c:\Program Files\Microsoft Visual Studio 9.0\VC\include\stdio.h(301) : see declaration of 'unlink'
1>Compiling manifest to resources...
1>Microsoft (R) Windows (R) Resource Compiler Version 6.1.6723.1
1>Copyright (C) Microsoft Corporation.  All rights reserved.
1>Linking...
1>src.obj : error LNK2019: unresolved external symbol _ftruncate referenced in function _main
1>M:\thirdparties\VTK5.6\src\CMakeFiles\CMakeTmp\Debug\cmTryCompileExec.exe : fatal error LNK1120: 1 unresolved externals
1>Build log was saved at "file://m:\thirdparties\VTK5.6\src\CMakeFiles\CMakeTmp\cmTryCompileExec.dir\Debug\BuildLog.htm"
1>cmTryCompileExec - 2 error(s), 8 warning(s)
========== Build: 0 succeeded, 1 failed, 0 up-to-date, 0 skipped ==========

Source file was:
#include <stdio.h>
#include <fcntl.h>
#include <sys/stat.h>
#include <sys/types.h>
main()
{
  char*   path = tmpnam(NULL);
  int     exitStatus = 1;

  if (path != NULL)
    {
    int   fd = open(path, O_RDWR | O_CREAT | O_TRUNC, 0666);

    if (fd != -1)
      {
      if (write(fd, "0", 1) == 1)
        {
        off_t   pos = lseek(fd, 0, SEEK_CUR);

        if (pos != (off_t)-1)
          {
          if (ftruncate(fd, 512) != -1)
            {
            if (pos == lseek(fd, 0, SEEK_CUR))
              {
              if (lseek(fd, 0, SEEK_SET) == 0)
                {
                char  buf[512];

                if (read(fd, buf, 512) == 512)
                  exitStatus = 0;
                }
              }
            }
          }
        }
      close(fd);
      unlink(path);
      }
    }

  return exitStatus;
}

Determining if the isnan exist failed with the following output:
Change Dir: M:/thirdparties/VTK5.6/src/CMakeFiles/CMakeTmp

Run Build Command:c:\PROGRA~1\MICROS~1.0\Common7\IDE\devenv.com CMAKE_TRY_COMPILE.sln /build Debug /project cmTryCompileExec

Microsoft (R) Visual Studio Version 9.0.30729.1.
Copyright (C) Microsoft Corp. All rights reserved.
1>------ Build started: Project: cmTryCompileExec, Configuration: Debug Win32 ------
1>Compiling...
1>Microsoft (R) 32-bit C/C++ Optimizing Compiler Version 15.00.30729.01 for 80x86
1>Copyright (C) Microsoft Corporation.  All rights reserved.
1>cl /Od /D "WIN32" /D "_WINDOWS" /D "_DEBUG" /D "CMAKE_INTDIR=\"Debug\"" /D "_MBCS" /FD /RTC1 /MDd /Fo"cmTryCompileExec.dir\Debug\\" /Fd"M:\thirdparties\VTK5.6\src\CMakeFiles\CMakeTmp\Debug/cmTryCompileExec.pdb" /W3 /c /Zi /TC   /Zm1000
1>   .\CheckSymbolExists.c
1>CheckSymbolExists.c
1>.\CheckSymbolExists.c(8) : error C2065: 'isnan' : undeclared identifier
1>Build log was saved at "file://m:\thirdparties\VTK5.6\src\CMakeFiles\CMakeTmp\cmTryCompileExec.dir\Debug\BuildLog.htm"
1>cmTryCompileExec - 1 error(s), 0 warning(s)
========== Build: 0 succeeded, 1 failed, 0 up-to-date, 0 skipped ==========

File M:/thirdparties/VTK5.6/src/CMakeFiles/CMakeTmp/CheckSymbolExists.c:
/* */
#include <float.h>

void cmakeRequireSymbol(int dummy,...){(void)dummy;}
int main()
{
#ifndef isnan
  cmakeRequireSymbol(0,&isnan);
#endif
  return 0;
}

Determining if the isinf exist failed with the following output:
Change Dir: M:/thirdparties/VTK5.6/src/CMakeFiles/CMakeTmp

Run Build Command:c:\PROGRA~1\MICROS~1.0\Common7\IDE\devenv.com CMAKE_TRY_COMPILE.sln /build Debug /project cmTryCompileExec

Microsoft (R) Visual Studio Version 9.0.30729.1.
Copyright (C) Microsoft Corp. All rights reserved.
1>------ Build started: Project: cmTryCompileExec, Configuration: Debug Win32 ------
1>Compiling...
1>Microsoft (R) 32-bit C/C++ Optimizing Compiler Version 15.00.30729.01 for 80x86
1>Copyright (C) Microsoft Corporation.  All rights reserved.
1>cl /Od /D "WIN32" /D "_WINDOWS" /D "_DEBUG" /D "CMAKE_INTDIR=\"Debug\"" /D "_MBCS" /FD /RTC1 /MDd /Fo"cmTryCompileExec.dir\Debug\\" /Fd"M:\thirdparties\VTK5.6\src\CMakeFiles\CMakeTmp\Debug/cmTryCompileExec.pdb" /W3 /c /Zi /TC   /Zm1000
1>   .\CheckSymbolExists.c
1>CheckSymbolExists.c
1>.\CheckSymbolExists.c(8) : error C2065: 'isinf' : undeclared identifier
1>Build log was saved at "file://m:\thirdparties\VTK5.6\src\CMakeFiles\CMakeTmp\cmTryCompileExec.dir\Debug\BuildLog.htm"
1>cmTryCompileExec - 1 error(s), 0 warning(s)
========== Build: 0 succeeded, 1 failed, 0 up-to-date, 0 skipped ==========

File M:/thirdparties/VTK5.6/src/CMakeFiles/CMakeTmp/CheckSymbolExists.c:
/* */
#include <float.h>

void cmakeRequireSymbol(int dummy,...){(void)dummy;}
int main()
{
#ifndef isinf
  cmakeRequireSymbol(0,&isinf);
#endif
  return 0;
}

Determining if the function _isinf exists failed with the following output:
Change Dir: M:/thirdparties/VTK5.6/src/CMakeFiles/CMakeTmp

Run Build Command:c:\PROGRA~1\MICROS~1.0\Common7\IDE\devenv.com CMAKE_TRY_COMPILE.sln /build Debug /project cmTryCompileExec

Microsoft (R) Visual Studio Version 9.0.30729.1.
Copyright (C) Microsoft Corp. All rights reserved.
1>------ Build started: Project: cmTryCompileExec, Configuration: Debug Win32 ------
1>Compiling...
1>Microsoft (R) 32-bit C/C++ Optimizing Compiler Version 15.00.30729.01 for 80x86
1>Copyright (C) Microsoft Corporation.  All rights reserved.
1>cl /Od /D "WIN32" /D "_WINDOWS" /D "CHECK_FUNCTION_EXISTS=_isinf" /D "_DEBUG" /D "CMAKE_INTDIR=\"Debug\"" /D "_MBCS" /FD /RTC1 /MDd /Fo"cmTryCompileExec.dir\Debug\\" /Fd"M:\thirdparties\VTK5.6\src\CMakeFiles\CMakeTmp\Debug/cmTryCompileExec.pdb" /W3 /c /Zi /TC   /Zm1000
1>   "C:\CMake 2.8\share\cmake-2.8\Modules\CheckFunctionExists.c"
1>CheckFunctionExists.c
1>Compiling manifest to resources...
1>Microsoft (R) Windows (R) Resource Compiler Version 6.1.6723.1
1>Copyright (C) Microsoft Corporation.  All rights reserved.
1>Linking...
1>CheckFunctionExists.obj : error LNK2019: unresolved external symbol __isinf referenced in function _main
1>M:\thirdparties\VTK5.6\src\CMakeFiles\CMakeTmp\Debug\cmTryCompileExec.exe : fatal error LNK1120: 1 unresolved externals
1>Build log was saved at "file://m:\thirdparties\VTK5.6\src\CMakeFiles\CMakeTmp\cmTryCompileExec.dir\Debug\BuildLog.htm"
1>cmTryCompileExec - 2 error(s), 0 warning(s)
========== Build: 0 succeeded, 1 failed, 0 up-to-date, 0 skipped ==========


Determining if the include file fenv.h exists failed with the following output:
Change Dir: M:/thirdparties/VTK5.6/src/CMakeFiles/CMakeTmp

Run Build Command:c:\PROGRA~1\MICROS~1.0\Common7\IDE\devenv.com CMAKE_TRY_COMPILE.sln /build Debug /project cmTryCompileExec

Microsoft (R) Visual Studio Version 9.0.30729.1.
Copyright (C) Microsoft Corp. All rights reserved.
1>------ Build started: Project: cmTryCompileExec, Configuration: Debug Win32 ------
1>Compiling...
1>Microsoft (R) 32-bit C/C++ Optimizing Compiler Version 15.00.30729.01 for 80x86
1>Copyright (C) Microsoft Corporation.  All rights reserved.
1>cl /Od /D "WIN32" /D "_WINDOWS" /D "_DEBUG" /D "CMAKE_INTDIR=\"Debug\"" /D "_MBCS" /FD /RTC1 /MDd /Fo"cmTryCompileExec.dir\Debug\\" /Fd"M:\thirdparties\VTK5.6\src\CMakeFiles\CMakeTmp\Debug/cmTryCompileExec.pdb" /W3 /c /Zi /TC   /Zm1000
1>   .\CheckIncludeFile.c
1>CheckIncludeFile.c
1>.\CheckIncludeFile.c(1) : fatal error C1083: Cannot open include file: 'fenv.h': No such file or directory
1>Build log was saved at "file://m:\thirdparties\VTK5.6\src\CMakeFiles\CMakeTmp\cmTryCompileExec.dir\Debug\BuildLog.htm"
1>cmTryCompileExec - 1 error(s), 0 warning(s)
========== Build: 0 succeeded, 1 failed, 0 up-to-date, 0 skipped ==========


