Determining if the include file stdint.h exists failed with the following output:
Change Dir: M:/thirdparties/VTK.Net/src/CMakeFiles/CMakeTmp

Run Build Command:c:\PROGRA~1\MICROS~1.0\Common7\IDE\devenv.com CMAKE_TRY_COMPILE.sln /build Debug /project cmTryCompileExec

Microsoft (R) Visual Studio Version 9.0.30729.1.
Copyright (C) Microsoft Corp. All rights reserved.
1>------ Build started: Project: cmTryCompileExec, Configuration: Debug Win32 ------
1>Compiling...
1>Microsoft (R) 32-bit C/C++ Optimizing Compiler Version 15.00.30729.01 for 80x86
1>Copyright (C) Microsoft Corporation.  All rights reserved.
1>cl /Od /D "WIN32" /D "_WINDOWS" /D "_DEBUG" /D "CMAKE_INTDIR=\"Debug\"" /D "_MBCS" /FD /RTC1 /MDd /Fo"cmTryCompileExec.dir\Debug\\" /Fd"M:\thirdparties\VTK.Net\src\CMakeFiles\CMakeTmp\Debug/cmTryCompileExec.pdb" /W3 /c /Zi /TC   /Zm1000
1>   .\CheckIncludeFile.c
1>CheckIncludeFile.c
1>.\CheckIncludeFile.c(1) : fatal error C1083: Cannot open include file: 'stdint.h': No such file or directory
1>Build log was saved at "file://m:\thirdparties\VTK.Net\src\CMakeFiles\CMakeTmp\cmTryCompileExec.dir\Debug\BuildLog.htm"
1>cmTryCompileExec - 1 error(s), 0 warning(s)
========== Build: 0 succeeded, 1 failed, 0 up-to-date, 0 skipped ==========


Determining if the include file unistd.h exists failed with the following output:
Change Dir: M:/thirdparties/VTK.Net/src/CMakeFiles/CMakeTmp

Run Build Command:c:\PROGRA~1\MICROS~1.0\Common7\IDE\devenv.com CMAKE_TRY_COMPILE.sln /build Debug /project cmTryCompileExec

Microsoft (R) Visual Studio Version 9.0.30729.1.
Copyright (C) Microsoft Corp. All rights reserved.
1>------ Build started: Project: cmTryCompileExec, Configuration: Debug Win32 ------
1>Compiling...
1>Microsoft (R) 32-bit C/C++ Optimizing Compiler Version 15.00.30729.01 for 80x86
1>Copyright (C) Microsoft Corporation.  All rights reserved.
1>cl /Od /D "WIN32" /D "_WINDOWS" /D "_DEBUG" /D "CMAKE_INTDIR=\"Debug\"" /D "_MBCS" /FD /RTC1 /MDd /Fo"cmTryCompileExec.dir\Debug\\" /Fd"M:\thirdparties\VTK.Net\src\CMakeFiles\CMakeTmp\Debug/cmTryCompileExec.pdb" /W3 /c /Zi /TC   /Zm1000
1>   .\CheckIncludeFile.c
1>CheckIncludeFile.c
1>.\CheckIncludeFile.c(1) : fatal error C1083: Cannot open include file: 'unistd.h': No such file or directory
1>Build log was saved at "file://m:\thirdparties\VTK.Net\src\CMakeFiles\CMakeTmp\cmTryCompileExec.dir\Debug\BuildLog.htm"
1>cmTryCompileExec - 1 error(s), 0 warning(s)
========== Build: 0 succeeded, 1 failed, 0 up-to-date, 0 skipped ==========


Determining if the include file pthread.h exists failed with the following output:
Change Dir: M:/thirdparties/VTK.Net/src/CMakeFiles/CMakeTmp

Run Build Command:c:\PROGRA~1\MICROS~1.0\Common7\IDE\devenv.com CMAKE_TRY_COMPILE.sln /build Debug /project cmTryCompileExec

Microsoft (R) Visual Studio Version 9.0.30729.1.
Copyright (C) Microsoft Corp. All rights reserved.
1>------ Build started: Project: cmTryCompileExec, Configuration: Debug Win32 ------
1>Compiling...
1>Microsoft (R) 32-bit C/C++ Optimizing Compiler Version 15.00.30729.01 for 80x86
1>Copyright (C) Microsoft Corporation.  All rights reserved.
1>cl /Od /D "WIN32" /D "_WINDOWS" /D "_DEBUG" /D "CMAKE_INTDIR=\"Debug\"" /D "_MBCS" /FD /RTC1 /MDd /Fo"cmTryCompileExec.dir\Debug\\" /Fd"M:\thirdparties\VTK.Net\src\CMakeFiles\CMakeTmp\Debug/cmTryCompileExec.pdb" /W3 /c /Zi /TC   /Zm1000
1>   .\CheckIncludeFile.c
1>CheckIncludeFile.c
1>.\CheckIncludeFile.c(1) : fatal error C1083: Cannot open include file: 'pthread.h': No such file or directory
1>Build log was saved at "file://m:\thirdparties\VTK.Net\src\CMakeFiles\CMakeTmp\cmTryCompileExec.dir\Debug\BuildLog.htm"
1>cmTryCompileExec - 1 error(s), 0 warning(s)
========== Build: 0 succeeded, 1 failed, 0 up-to-date, 0 skipped ==========


Determining if files sys/types.h;sys/prctl.h exist failed with the following output:
Change Dir: M:/thirdparties/VTK.Net/src/CMakeFiles/CMakeTmp

Run Build Command:c:\PROGRA~1\MICROS~1.0\Common7\IDE\devenv.com CMAKE_TRY_COMPILE.sln /build Debug /project cmTryCompileExec

Microsoft (R) Visual Studio Version 9.0.30729.1.
Copyright (C) Microsoft Corp. All rights reserved.
1>------ Build started: Project: cmTryCompileExec, Configuration: Debug Win32 ------
1>Compiling...
1>Microsoft (R) 32-bit C/C++ Optimizing Compiler Version 15.00.30729.01 for 80x86
1>Copyright (C) Microsoft Corporation.  All rights reserved.
1>cl /Od /D "WIN32" /D "_WINDOWS" /D "_DEBUG" /D "CMAKE_INTDIR=\"Debug\"" /D "_MBCS" /FD /RTC1 /MDd /Fo"cmTryCompileExec.dir\Debug\\" /Fd"M:\thirdparties\VTK.Net\src\CMakeFiles\CMakeTmp\Debug/cmTryCompileExec.pdb" /W3 /c /Zi /TC   /Zm1000
1>   .\CheckIncludeFiles.c
1>CheckIncludeFiles.c
1>.\CheckIncludeFiles.c(3) : fatal error C1083: Cannot open include file: 'sys/prctl.h': No such file or directory
1>Build log was saved at "file://m:\thirdparties\VTK.Net\src\CMakeFiles\CMakeTmp\cmTryCompileExec.dir\Debug\BuildLog.htm"
1>cmTryCompileExec - 1 error(s), 0 warning(s)
========== Build: 0 succeeded, 1 failed, 0 up-to-date, 0 skipped ==========

Source:
/* */
#include <sys/types.h>
#include <sys/prctl.h>


int main(){return 0;}

Determining if the system is big endian passed with the following output:
Change Dir: M:/thirdparties/VTK.Net/src/CMakeFiles/CMakeTmp

Run Build Command:c:\PROGRA~1\MICROS~1.0\Common7\IDE\devenv.com CMAKE_TRY_COMPILE.sln /build Debug /project cmTryCompileExec

Microsoft (R) Visual Studio Version 9.0.30729.1.
Copyright (C) Microsoft Corp. All rights reserved.
1>------ Build started: Project: cmTryCompileExec, Configuration: Debug Win32 ------
1>Compiling...
1>Microsoft (R) 32-bit C/C++ Optimizing Compiler Version 15.00.30729.01 for 80x86
1>Copyright (C) Microsoft Corporation.  All rights reserved.
1>cl /Od /D "WIN32" /D "_WINDOWS" /D "_DEBUG" /D "CMAKE_INTDIR=\"Debug\"" /D "_MBCS" /FD /RTC1 /MDd /Fo"cmTryCompileExec.dir\Debug\\" /Fd"M:\thirdparties\VTK.Net\src\CMakeFiles\CMakeTmp\Debug/cmTryCompileExec.pdb" /W3 /c /Zi /TC   /Zm1000
1>   .\TestEndianess.c
1>TestEndianess.c
1>Compiling manifest to resources...
1>Microsoft (R) Windows (R) Resource Compiler Version 6.1.6723.1
1>Copyright (C) Microsoft Corporation.  All rights reserved.
1>Linking...
1>Embedding manifest...
1>Microsoft (R) Windows (R) Resource Compiler Version 6.1.6723.1
1>Copyright (C) Microsoft Corporation.  All rights reserved.
1>Build log was saved at "file://m:\thirdparties\VTK.Net\src\CMakeFiles\CMakeTmp\cmTryCompileExec.dir\Debug\BuildLog.htm"
1>cmTryCompileExec - 0 error(s), 0 warning(s)
========== Build: 1 succeeded, 0 failed, 0 up-to-date, 0 skipped ==========

TestEndianess.c:
/* A 16 bit integer is required. */
typedef unsigned short cmakeint16;

/* On a little endian machine, these 16bit ints will give "THIS IS LITTLE ENDIAN."
   On a big endian machine the characters will be exchanged pairwise. */
const cmakeint16 info_little[] =  {0x4854, 0x5349, 0x4920, 0x2053, 0x494c, 0x5454, 0x454c, 0x4520, 0x444e, 0x4149, 0x2e4e, 0x0000};

/* on a big endian machine, these 16bit ints will give "THIS IS BIG ENDIAN."
   On a little endian machine the characters will be exchanged pairwise. */
const cmakeint16 info_big[] =     {0x5448, 0x4953, 0x2049, 0x5320, 0x4249, 0x4720, 0x454e, 0x4449, 0x414e, 0x2e2e, 0x0000};

#ifdef __CLASSIC_C__
int main(argc, argv) int argc; char *argv[];
#else
int main(int argc, char *argv[])
#endif
{
  int require = 0;
  require += info_little[argc];
  require += info_big[argc];
  (void)argv;
  return require;
}


Determining whether long and __int64 are the same type failed with the following output:
Change Dir: M:/thirdparties/VTK.Net/src/CMakeTmp/CMakeFiles/CMakeTmp

Run Build Command:c:\PROGRA~1\MICROS~1.0\Common7\IDE\devenv.com CMAKE_TRY_COMPILE.sln /build Debug /project cmTryCompileExec

Microsoft (R) Visual Studio Version 9.0.30729.1.
Copyright (C) Microsoft Corp. All rights reserved.
1>------ Build started: Project: cmTryCompileExec, Configuration: Debug Win32 ------
1>Compiling...
1>Microsoft (R) 32-bit C/C++ Optimizing Compiler Version 15.00.30729.01 for 80x86
1>Copyright (C) Microsoft Corporation.  All rights reserved.
1>cl /Od /D "WIN32" /D "_WINDOWS" /D "_DEBUG" /D "VTK_TEST_COMPARE_TYPE_1=long" /D "VTK_TEST_COMPARE_TYPE_2=__int64" /D "CMAKE_INTDIR=\"Debug\"" /D "_MBCS" /FD /EHsc /RTC1 /MDd /Fo"cmTryCompileExec.dir\Debug\\" /Fd"M:\thirdparties\VTK.Net\src\CMakeTmp\CMakeFiles\CMakeTmp\Debug/cmTryCompileExec.pdb" /W4 /c /Zi /TP   /Zm1000
1>   ..\..\..\CMake\vtkTestCompareTypes.cxx
1>vtkTestCompareTypes.cxx
1>..\..\..\CMake\vtkTestCompareTypes.cxx(26) : error C2664: 'function' : cannot convert parameter 1 from 'Type2 **' to 'Type1 **'
1>        Types pointed to are unrelated; conversion requires reinterpret_cast, C-style cast or function-style cast
1>Build log was saved at "file://m:\thirdparties\VTK.Net\src\CMakeTmp\CMakeFiles\CMakeTmp\cmTryCompileExec.dir\Debug\BuildLog.htm"
1>cmTryCompileExec - 1 error(s), 0 warning(s)
========== Build: 0 succeeded, 1 failed, 0 up-to-date, 0 skipped ==========


Determining if the include file iostream.h exists failed with the following output:
Change Dir: M:/thirdparties/VTK.Net/src/CMakeFiles/CMakeTmp

Run Build Command:c:\PROGRA~1\MICROS~1.0\Common7\IDE\devenv.com CMAKE_TRY_COMPILE.sln /build Debug /project cmTryCompileExec

Microsoft (R) Visual Studio Version 9.0.30729.1.
Copyright (C) Microsoft Corp. All rights reserved.
1>------ Build started: Project: cmTryCompileExec, Configuration: Debug Win32 ------
1>Compiling...
1>Microsoft (R) 32-bit C/C++ Optimizing Compiler Version 15.00.30729.01 for 80x86
1>Copyright (C) Microsoft Corporation.  All rights reserved.
1>cl /Od /D "WIN32" /D "_WINDOWS" /D "_DEBUG" /D "CMAKE_INTDIR=\"Debug\"" /D "_MBCS" /FD /EHsc /RTC1 /MDd /Fo"cmTryCompileExec.dir\Debug\\" /Fd"M:\thirdparties\VTK.Net\src\CMakeFiles\CMakeTmp\Debug/cmTryCompileExec.pdb" /W4 /c /Zi /TP   /Zm1000
1>   .\CheckIncludeFile.cxx
1>CheckIncludeFile.cxx
1>.\CheckIncludeFile.cxx(1) : fatal error C1083: Cannot open include file: 'iostream.h': No such file or directory
1>Build log was saved at "file://m:\thirdparties\VTK.Net\src\CMakeFiles\CMakeTmp\cmTryCompileExec.dir\Debug\BuildLog.htm"
1>cmTryCompileExec - 1 error(s), 0 warning(s)
========== Build: 0 succeeded, 1 failed, 0 up-to-date, 0 skipped ==========


Determining if files ;alloca.h exist failed with the following output:
Change Dir: M:/thirdparties/VTK.Net/src/CMakeFiles/CMakeTmp

Run Build Command:c:\PROGRA~1\MICROS~1.0\Common7\IDE\devenv.com CMAKE_TRY_COMPILE.sln /build Debug /project cmTryCompileExec

Microsoft (R) Visual Studio Version 9.0.30729.1.
Copyright (C) Microsoft Corp. All rights reserved.
1>------ Build started: Project: cmTryCompileExec, Configuration: Debug Win32 ------
1>Compiling...
1>Microsoft (R) 32-bit C/C++ Optimizing Compiler Version 15.00.30729.01 for 80x86
1>Copyright (C) Microsoft Corporation.  All rights reserved.
1>cl /Od /D "WIN32" /D "_WINDOWS" /D "_DEBUG" /D "CMAKE_INTDIR=\"Debug\"" /D "_MBCS" /FD /RTC1 /MDd /Fo"cmTryCompileExec.dir\Debug\\" /Fd"M:\thirdparties\VTK.Net\src\CMakeFiles\CMakeTmp\Debug/cmTryCompileExec.pdb" /W3 /c /Zi /TC   /Zm1000
1>   .\CheckIncludeFiles.c
1>CheckIncludeFiles.c
1>.\CheckIncludeFiles.c(2) : fatal error C1083: Cannot open include file: 'alloca.h': No such file or directory
1>Build log was saved at "file://m:\thirdparties\VTK.Net\src\CMakeFiles\CMakeTmp\cmTryCompileExec.dir\Debug\BuildLog.htm"
1>cmTryCompileExec - 1 error(s), 0 warning(s)
========== Build: 0 succeeded, 1 failed, 0 up-to-date, 0 skipped ==========

Source:
/* */
#include <alloca.h>


int main(){return 0;}

Determining if files stdlib.h;sys/types.h;sys/stat.h;unistd.h exist failed with the following output:
Change Dir: M:/thirdparties/VTK.Net/src/CMakeFiles/CMakeTmp

Run Build Command:c:\PROGRA~1\MICROS~1.0\Common7\IDE\devenv.com CMAKE_TRY_COMPILE.sln /build Debug /project cmTryCompileExec

Microsoft (R) Visual Studio Version 9.0.30729.1.
Copyright (C) Microsoft Corp. All rights reserved.
1>------ Build started: Project: cmTryCompileExec, Configuration: Debug Win32 ------
1>Compiling...
1>Microsoft (R) 32-bit C/C++ Optimizing Compiler Version 15.00.30729.01 for 80x86
1>Copyright (C) Microsoft Corporation.  All rights reserved.
1>cl /Od /D "WIN32" /D "_WINDOWS" /D "_DEBUG" /D "CMAKE_INTDIR=\"Debug\"" /D "_MBCS" /FD /RTC1 /MDd /Fo"cmTryCompileExec.dir\Debug\\" /Fd"M:\thirdparties\VTK.Net\src\CMakeFiles\CMakeTmp\Debug/cmTryCompileExec.pdb" /W3 /c /Zi /TC   /Zm1000
1>   .\CheckIncludeFiles.c
1>CheckIncludeFiles.c
1>.\CheckIncludeFiles.c(5) : fatal error C1083: Cannot open include file: 'unistd.h': No such file or directory
1>Build log was saved at "file://m:\thirdparties\VTK.Net\src\CMakeFiles\CMakeTmp\cmTryCompileExec.dir\Debug\BuildLog.htm"
1>cmTryCompileExec - 1 error(s), 0 warning(s)
========== Build: 0 succeeded, 1 failed, 0 up-to-date, 0 skipped ==========

Source:
/* */
#include <stdlib.h>
#include <sys/types.h>
#include <sys/stat.h>
#include <unistd.h>


int main(){return 0;}

Determining if the alloca exist failed with the following output:
Change Dir: M:/thirdparties/VTK.Net/src/CMakeFiles/CMakeTmp

Run Build Command:c:\PROGRA~1\MICROS~1.0\Common7\IDE\devenv.com CMAKE_TRY_COMPILE.sln /build Debug /project cmTryCompileExec

Microsoft (R) Visual Studio Version 9.0.30729.1.
Copyright (C) Microsoft Corp. All rights reserved.
1>------ Build started: Project: cmTryCompileExec, Configuration: Debug Win32 ------
1>Compiling...
1>Microsoft (R) 32-bit C/C++ Optimizing Compiler Version 15.00.30729.01 for 80x86
1>Copyright (C) Microsoft Corporation.  All rights reserved.
1>cl /Od /D "WIN32" /D "_WINDOWS" /D "_DEBUG" /D "CMAKE_INTDIR=\"Debug\"" /D "_MBCS" /FD /RTC1 /MDd /Fo"cmTryCompileExec.dir\Debug\\" /Fd"M:\thirdparties\VTK.Net\src\CMakeFiles\CMakeTmp\Debug/cmTryCompileExec.pdb" /W3 /c /Zi /TC   /Zm1000
1>   .\CheckSymbolExists.c
1>CheckSymbolExists.c
1>.\CheckSymbolExists.c(14) : error C2065: 'alloca' : undeclared identifier
1>Build log was saved at "file://m:\thirdparties\VTK.Net\src\CMakeFiles\CMakeTmp\cmTryCompileExec.dir\Debug\BuildLog.htm"
1>cmTryCompileExec - 1 error(s), 0 warning(s)
========== Build: 0 succeeded, 1 failed, 0 up-to-date, 0 skipped ==========

File M:/thirdparties/VTK.Net/src/CMakeFiles/CMakeTmp/CheckSymbolExists.c:
/* */
#include <stdlib.h>
#include <sys/types.h>
#include <sys/stat.h>
#include <fcntl.h>
#include <stdio.h>
#include <string.h>
#include <stddef.h>

void cmakeRequireSymbol(int dummy,...){(void)dummy;}
int main()
{
#ifndef alloca
  cmakeRequireSymbol(0,&alloca);
#endif
  return 0;
}

Determining size of ssize_t failed with the following output:
Change Dir: M:/thirdparties/VTK.Net/src/CMakeFiles/CMakeTmp

Run Build Command:c:\PROGRA~1\MICROS~1.0\Common7\IDE\devenv.com CMAKE_TRY_COMPILE.sln /build Debug /project cmTryCompileExec

Microsoft (R) Visual Studio Version 9.0.30729.1.
Copyright (C) Microsoft Corp. All rights reserved.
1>------ Build started: Project: cmTryCompileExec, Configuration: Debug Win32 ------
1>Compiling...
1>Microsoft (R) 32-bit C/C++ Optimizing Compiler Version 15.00.30729.01 for 80x86
1>Copyright (C) Microsoft Corporation.  All rights reserved.
1>cl /Od /D "WIN32" /D "_WINDOWS" /D "_DEBUG" /D "CMAKE_INTDIR=\"Debug\"" /D "_MBCS" /FD /RTC1 /MDd /Fo"cmTryCompileExec.dir\Debug\\" /Fd"M:\thirdparties\VTK.Net\src\CMakeFiles\CMakeTmp\Debug/cmTryCompileExec.pdb" /W3 /c /Zi /TC   /Zm1000
1>   ..\CheckTypeSize\SIZEOF_SSIZE_T.c
1>SIZEOF_SSIZE_T.c
1>..\CheckTypeSize\SIZEOF_SSIZE_T.c(18) : error C2065: 'ssize_t' : undeclared identifier
1>..\CheckTypeSize\SIZEOF_SSIZE_T.c(19) : error C2065: 'ssize_t' : undeclared identifier
1>..\CheckTypeSize\SIZEOF_SSIZE_T.c(20) : error C2065: 'ssize_t' : undeclared identifier
1>..\CheckTypeSize\SIZEOF_SSIZE_T.c(21) : error C2065: 'ssize_t' : undeclared identifier
1>..\CheckTypeSize\SIZEOF_SSIZE_T.c(22) : error C2065: 'ssize_t' : undeclared identifier
1>Build log was saved at "file://m:\thirdparties\VTK.Net\src\CMakeFiles\CMakeTmp\cmTryCompileExec.dir\Debug\BuildLog.htm"
1>cmTryCompileExec - 5 error(s), 0 warning(s)
========== Build: 0 succeeded, 1 failed, 0 up-to-date, 0 skipped ==========

M:/thirdparties/VTK.Net/src/CMakeFiles/CheckTypeSize/SIZEOF_SSIZE_T.c:
#include <sys/types.h>
#include <stddef.h>


#undef KEY
#if defined(__i386)
# define KEY '_','_','i','3','8','6'
#elif defined(__x86_64)
# define KEY '_','_','x','8','6','_','6','4'
#elif defined(__ppc__)
# define KEY '_','_','p','p','c','_','_'
#elif defined(__ppc64__)
# define KEY '_','_','p','p','c','6','4','_','_'
#endif

#define SIZE (sizeof(ssize_t))
char info_size[] =  {'I', 'N', 'F', 'O', ':', 's','i','z','e','[',
  ('0' + ((SIZE / 10000)%10)),
  ('0' + ((SIZE / 1000)%10)),
  ('0' + ((SIZE / 100)%10)),
  ('0' + ((SIZE / 10)%10)),
  ('0' +  (SIZE    % 10)),
  ']',
#ifdef KEY
  ' ','k','e','y','[', KEY, ']',
#endif
  '\0'};

#ifdef __CLASSIC_C__
int main(argc, argv) int argc; char *argv[];
#else
int main(int argc, char *argv[])
#endif
{
  int require = 0;
  require += info_size[argc];
  (void)argv;
  return require;
}


Determining size of uchar failed with the following output:
Change Dir: M:/thirdparties/VTK.Net/src/CMakeFiles/CMakeTmp

Run Build Command:c:\PROGRA~1\MICROS~1.0\Common7\IDE\devenv.com CMAKE_TRY_COMPILE.sln /build Debug /project cmTryCompileExec

Microsoft (R) Visual Studio Version 9.0.30729.1.
Copyright (C) Microsoft Corp. All rights reserved.
1>------ Build started: Project: cmTryCompileExec, Configuration: Debug Win32 ------
1>Compiling...
1>Microsoft (R) 32-bit C/C++ Optimizing Compiler Version 15.00.30729.01 for 80x86
1>Copyright (C) Microsoft Corporation.  All rights reserved.
1>cl /Od /D "WIN32" /D "_WINDOWS" /D "_DEBUG" /D "CMAKE_INTDIR=\"Debug\"" /D "_MBCS" /FD /RTC1 /MDd /Fo"cmTryCompileExec.dir\Debug\\" /Fd"M:\thirdparties\VTK.Net\src\CMakeFiles\CMakeTmp\Debug/cmTryCompileExec.pdb" /W3 /c /Zi /TC   /Zm1000
1>   ..\CheckTypeSize\SIZEOF_UCHAR.c
1>SIZEOF_UCHAR.c
1>..\CheckTypeSize\SIZEOF_UCHAR.c(18) : error C2065: 'uchar' : undeclared identifier
1>..\CheckTypeSize\SIZEOF_UCHAR.c(19) : error C2065: 'uchar' : undeclared identifier
1>..\CheckTypeSize\SIZEOF_UCHAR.c(20) : error C2065: 'uchar' : undeclared identifier
1>..\CheckTypeSize\SIZEOF_UCHAR.c(21) : error C2065: 'uchar' : undeclared identifier
1>..\CheckTypeSize\SIZEOF_UCHAR.c(22) : error C2065: 'uchar' : undeclared identifier
1>Build log was saved at "file://m:\thirdparties\VTK.Net\src\CMakeFiles\CMakeTmp\cmTryCompileExec.dir\Debug\BuildLog.htm"
1>cmTryCompileExec - 5 error(s), 0 warning(s)
========== Build: 0 succeeded, 1 failed, 0 up-to-date, 0 skipped ==========

M:/thirdparties/VTK.Net/src/CMakeFiles/CheckTypeSize/SIZEOF_UCHAR.c:
#include <sys/types.h>
#include <stddef.h>


#undef KEY
#if defined(__i386)
# define KEY '_','_','i','3','8','6'
#elif defined(__x86_64)
# define KEY '_','_','x','8','6','_','6','4'
#elif defined(__ppc__)
# define KEY '_','_','p','p','c','_','_'
#elif defined(__ppc64__)
# define KEY '_','_','p','p','c','6','4','_','_'
#endif

#define SIZE (sizeof(uchar))
char info_size[] =  {'I', 'N', 'F', 'O', ':', 's','i','z','e','[',
  ('0' + ((SIZE / 10000)%10)),
  ('0' + ((SIZE / 1000)%10)),
  ('0' + ((SIZE / 100)%10)),
  ('0' + ((SIZE / 10)%10)),
  ('0' +  (SIZE    % 10)),
  ']',
#ifdef KEY
  ' ','k','e','y','[', KEY, ']',
#endif
  '\0'};

#ifdef __CLASSIC_C__
int main(argc, argv) int argc; char *argv[];
#else
int main(int argc, char *argv[])
#endif
{
  int require = 0;
  require += info_size[argc];
  (void)argv;
  return require;
}


Performing C SOURCE FILE Test HAVE_ST_BLKSIZE failed with the following output:
Change Dir: M:/thirdparties/VTK.Net/src/CMakeFiles/CMakeTmp

Run Build Command:c:\PROGRA~1\MICROS~1.0\Common7\IDE\devenv.com CMAKE_TRY_COMPILE.sln /build Debug /project cmTryCompileExec

Microsoft (R) Visual Studio Version 9.0.30729.1.
Copyright (C) Microsoft Corp. All rights reserved.
1>------ Build started: Project: cmTryCompileExec, Configuration: Debug Win32 ------
1>Compiling...
1>Microsoft (R) 32-bit C/C++ Optimizing Compiler Version 15.00.30729.01 for 80x86
1>Copyright (C) Microsoft Corporation.  All rights reserved.
1>cl /Od /D "WIN32" /D "_WINDOWS" /D "_DEBUG" /D "CMAKE_INTDIR=\"Debug\"" /D "_MBCS" /FD /RTC1 /MDd /Fo"cmTryCompileExec.dir\Debug\\" /Fd"M:\thirdparties\VTK.Net\src\CMakeFiles\CMakeTmp\Debug/cmTryCompileExec.pdb" /W3 /c /Zi /TC   /Zm1000
1>   ..\..\CMakeTmp\src.c
1>src.c
1>..\..\CMakeTmp\src.c(5) : error C2039: 'st_blksize' : is not a member of 'stat'
1>        c:\Program Files\Microsoft Visual Studio 9.0\VC\include\sys/stat.h(120) : see declaration of 'stat'
1>Build log was saved at "file://m:\thirdparties\VTK.Net\src\CMakeFiles\CMakeTmp\cmTryCompileExec.dir\Debug\BuildLog.htm"
1>cmTryCompileExec - 1 error(s), 0 warning(s)
========== Build: 0 succeeded, 1 failed, 0 up-to-date, 0 skipped ==========

Source file was:
#include <sys/types.h>
#include <sys/stat.h>
int main() { return 0; }
int t() {
struct stat s; s.st_blksize;
; return 0; }

Performing C SOURCE FILE Test HAVE_FTRUNCATE failed with the following output:
Change Dir: M:/thirdparties/VTK.Net/src/CMakeFiles/CMakeTmp

Run Build Command:c:\PROGRA~1\MICROS~1.0\Common7\IDE\devenv.com CMAKE_TRY_COMPILE.sln /build Debug /project cmTryCompileExec

Microsoft (R) Visual Studio Version 9.0.30729.1.
Copyright (C) Microsoft Corp. All rights reserved.
1>------ Build started: Project: cmTryCompileExec, Configuration: Debug Win32 ------
1>Compiling...
1>Microsoft (R) 32-bit C/C++ Optimizing Compiler Version 15.00.30729.01 for 80x86
1>Copyright (C) Microsoft Corporation.  All rights reserved.
1>cl /Od /D "WIN32" /D "_WINDOWS" /D "_DEBUG" /D "CMAKE_INTDIR=\"Debug\"" /D "_MBCS" /FD /RTC1 /MDd /Fo"cmTryCompileExec.dir\Debug\\" /Fd"M:\thirdparties\VTK.Net\src\CMakeFiles\CMakeTmp\Debug/cmTryCompileExec.pdb" /W3 /c /Zi /TC   /Zm1000
1>   ..\..\CMakeTmp\src.c
1>src.c
1>..\..\CMakeTmp\src.c(7) : warning C4996: 'tmpnam': This function or variable may be unsafe. Consider using tmpnam_s instead. To disable deprecation, use _CRT_SECURE_NO_WARNINGS. See online help for details.
1>        c:\Program Files\Microsoft Visual Studio 9.0\VC\include\stdio.h(340) : see declaration of 'tmpnam'
1>..\..\CMakeTmp\src.c(12) : warning C4013: 'open' undefined; assuming extern returning int
1>..\..\CMakeTmp\src.c(16) : warning C4013: 'write' undefined; assuming extern returning int
1>..\..\CMakeTmp\src.c(18) : warning C4013: 'lseek' undefined; assuming extern returning int
1>..\..\CMakeTmp\src.c(22) : warning C4013: 'ftruncate' undefined; assuming extern returning int
1>..\..\CMakeTmp\src.c(30) : warning C4013: 'read' undefined; assuming extern returning int
1>..\..\CMakeTmp\src.c(37) : warning C4013: 'close' undefined; assuming extern returning int
1>..\..\CMakeTmp\src.c(38) : warning C4996: 'unlink': The POSIX name for this item is deprecated. Instead, use the ISO C++ conformant name: _unlink. See online help for details.
1>        c:\Program Files\Microsoft Visual Studio 9.0\VC\include\stdio.h(301) : see declaration of 'unlink'
1>Compiling manifest to resources...
1>Microsoft (R) Windows (R) Resource Compiler Version 6.1.6723.1
1>Copyright (C) Microsoft Corporation.  All rights reserved.
1>Linking...
1>src.obj : error LNK2019: unresolved external symbol _ftruncate referenced in function _main
1>M:\thirdparties\VTK.Net\src\CMakeFiles\CMakeTmp\Debug\cmTryCompileExec.exe : fatal error LNK1120: 1 unresolved externals
1>Build log was saved at "file://m:\thirdparties\VTK.Net\src\CMakeFiles\CMakeTmp\cmTryCompileExec.dir\Debug\BuildLog.htm"
1>cmTryCompileExec - 2 error(s), 8 warning(s)
========== Build: 0 succeeded, 1 failed, 0 up-to-date, 0 skipped ==========

Source file was:
#include <stdio.h>
#include <fcntl.h>
#include <sys/stat.h>
#include <sys/types.h>
main()
{
  char*   path = tmpnam(NULL);
  int     exitStatus = 1;

  if (path != NULL)
    {
    int   fd = open(path, O_RDWR | O_CREAT | O_TRUNC, 0666);

    if (fd != -1)
      {
      if (write(fd, "0", 1) == 1)
        {
        off_t   pos = lseek(fd, 0, SEEK_CUR);

        if (pos != (off_t)-1)
          {
          if (ftruncate(fd, 512) != -1)
            {
            if (pos == lseek(fd, 0, SEEK_CUR))
              {
              if (lseek(fd, 0, SEEK_SET) == 0)
                {
                char  buf[512];

                if (read(fd, buf, 512) == 512)
                  exitStatus = 0;
                }
              }
            }
          }
        }
      close(fd);
      unlink(path);
      }
    }

  return exitStatus;
}

Determining if the system is big endian passed with the following output:
Change Dir: M:/thirdparties/VTK.Net/src/CMakeFiles/CMakeTmp

Run Build Command:c:\PROGRA~1\MICROS~1.0\Common7\IDE\devenv.com CMAKE_TRY_COMPILE.sln /build Debug /project cmTryCompileExec

Microsoft (R) Visual Studio Version 9.0.30729.1.
Copyright (C) Microsoft Corp. All rights reserved.
1>------ Build started: Project: cmTryCompileExec, Configuration: Debug Win32 ------
1>Compiling...
1>Microsoft (R) 32-bit C/C++ Optimizing Compiler Version 15.00.30729.01 for 80x86
1>Copyright (C) Microsoft Corporation.  All rights reserved.
1>cl /Od /D "WIN32" /D "_WINDOWS" /D "_DEBUG" /D "CMAKE_INTDIR=\"Debug\"" /D "_MBCS" /FD /RTC1 /MDd /Fo"cmTryCompileExec.dir\Debug\\" /Fd"M:\thirdparties\VTK.Net\src\CMakeFiles\CMakeTmp\Debug/cmTryCompileExec.pdb" /W3 /c /Zi /TC   /Zm1000
1>   .\TestEndianess.c
1>TestEndianess.c
1>Compiling manifest to resources...
1>Microsoft (R) Windows (R) Resource Compiler Version 6.1.6723.1
1>Copyright (C) Microsoft Corporation.  All rights reserved.
1>Linking...
1>Embedding manifest...
1>Microsoft (R) Windows (R) Resource Compiler Version 6.1.6723.1
1>Copyright (C) Microsoft Corporation.  All rights reserved.
1>Build log was saved at "file://m:\thirdparties\VTK.Net\src\CMakeFiles\CMakeTmp\cmTryCompileExec.dir\Debug\BuildLog.htm"
1>cmTryCompileExec - 0 error(s), 0 warning(s)
========== Build: 1 succeeded, 0 failed, 0 up-to-date, 0 skipped ==========

TestEndianess.c:
/* A 16 bit integer is required. */
typedef unsigned short cmakeint16;

/* On a little endian machine, these 16bit ints will give "THIS IS LITTLE ENDIAN."
   On a big endian machine the characters will be exchanged pairwise. */
const cmakeint16 info_little[] =  {0x4854, 0x5349, 0x4920, 0x2053, 0x494c, 0x5454, 0x454c, 0x4520, 0x444e, 0x4149, 0x2e4e, 0x0000};

/* on a big endian machine, these 16bit ints will give "THIS IS BIG ENDIAN."
   On a little endian machine the characters will be exchanged pairwise. */
const cmakeint16 info_big[] =     {0x5448, 0x4953, 0x2049, 0x5320, 0x4249, 0x4720, 0x454e, 0x4449, 0x414e, 0x2e2e, 0x0000};

#ifdef __CLASSIC_C__
int main(argc, argv) int argc; char *argv[];
#else
int main(int argc, char *argv[])
#endif
{
  int require = 0;
  require += info_little[argc];
  require += info_big[argc];
  (void)argv;
  return require;
}


